Remove Pin=I1-17 From Net=I2C_SCL
Remove Pin=I1-18 From Net=I2C_SDA
Remove Pin=J1-2 From Net=USB_D_N
Remove Pin=R1-2 From Net=BZZ
Remove Pin=R4-2 From Net=LED_1
Remove Pin=R5-2 From Net=LED_2
Remove Pin=R6-2 From Net=LED_3
Remove Pin=R7-2 From Net=LED_1
Remove Pin=R8-2 From Net=LED_2
Remove Pin=R9-2 From Net=LED_3
Remove Pin=R10-2 From Net=LED_4
Remove Pin=R11-2 From Net=LED_4
Remove Pin=R13-1 From Net=LED_5
Remove Pin=R14-1 From Net=LED_6
Remove Pin=R15-1 From Net=LED_7
Remove Pin=R16-1 From Net=LED_5
Remove Pin=R17-1 From Net=LED_6
Remove Pin=R18-1 From Net=LED_7
Remove Pin=R19-2 From Net=N-MOS
Remove Pin=R20-2 From Net=N-MOS
Remove Pin=U1A-13 From Net=BUTT_1
Remove Pin=U1A-14 From Net=BUTT_2
Remove Pin=U1A-18 From Net=N-MOS
Remove Pin=U1A-20 From Net=BZZ
Remove Pin=U1A-21 From Net=LED_2
Remove Pin=U1A-22 From Net=LED_3
Remove Pin=U1A-25 From Net=LED_4
Remove Pin=U1A-26 From Net=LED_5
Remove Pin=U1A-27 From Net=LED_6
Remove Pin=U1A-28 From Net=LED_7
Remove Pin=U1A-32 From Net=USB_D_N
Remove Pin=U1A-33 From Net=USB_D_P
Remove Pin=U1A-42 From Net=I2C_SCL
Remove Pin=U1A-43 From Net=I2C_SDA
Remove Pin=U1A-46 From Net=LED_1
