Add component: Footprint Not Found buzzer 5V
Added Component: Designator=C?(HDR4)
Add component (AddParameter): Name = "ComponentLink1 Description"; Value = "Manufacturer"; VariantName = "[No Variations]"
Add component (AddParameter): Name = "ComponentLink1URL"; Value = "http://www.we-online.com"; VariantName = "[No Variations]"
Add component (AddParameter): Name = "ComponentLink2 Description"; Value = "Datasheet"; VariantName = "[No Variations]"
Add component (AddParameter): Name = "ComponentLink2URL"; Value = "http://katalog.we-online.de/em/datasheet/6130xx143121.pdf"; VariantName = "[No Variations]"
Add component (AddParameter): Name = "Created by"; Value = "Karrer Zheng"; VariantName = "[No Variations]"
Add component (AddParameter): Name = "Created Date"; Value = "29 March 2013"; VariantName = "[No Variations]"
Add component (AddParameter): Name = "Manufacturer"; Value = "W¨ąrth Elektronik eiSos GmbH"; VariantName = "[No Variations]"
Add component (AddParameter): Name = "NoPins"; Value = "02"; VariantName = "[No Variations]"
Add component (AddParameter): Name = "partNo"; Value = "613002143121"; VariantName = "[No Variations]"
Add component: Footprint Not Found C 0402
Add component: Footprint Not Found C 0402
Add component: Footprint Not Found C 0402
Add component: Footprint Not Found C 0402
Add component: Footprint Not Found C 0402
Add component: Footprint Not Found C 0805
Add component: Footprint Not Found C 0402
Add component: Footprint Not Found C 0402
Add component: Footprint Not Found C 0402
Add component: Footprint Not Found C 0805
Add component: Footprint Not Found FBC1608X95N
Add component: Footprint Not Found I2C-LCD16X2
Add component: Footprint Not Found USB-Micr-B-FCI-SMD
Add component: Footprint Not Found LED-3
Add component: Footprint Not Found LED-3
Add component: Footprint Not Found LED-3
Add component: Footprint Not Found LED-3
Add component: Footprint Not Found LED-3
Add component: Footprint Not Found LED-3
Add component: Footprint Not Found LED-3
Add component: Footprint Not Found LED-3
Add component: Footprint Not Found LED-3
Add component: Footprint Not Found LED-3
Add component: Footprint Not Found LED-3
Add component: Footprint Not Found LED-3
Add component: Footprint Not Found LED-3
Add component: Footprint Not Found LED-3
Added Component: Designator=Q?(TO127P584H533-3)
Add component (AddParameter): Name = "Check_prices"; Value = "https://www.snapeda.com/parts/2N2222A/Microsemi/view-part/?ref=eda"; VariantName = "[No Variations]"
Add component (AddParameter): Name = "MF"; Value = "Microsemi Corporation"; VariantName = "[No Variations]"
Add component (AddParameter): Name = "MP"; Value = "2N2222A"; VariantName = "[No Variations]"
Add component (AddParameter): Name = "Package"; Value = "None"; VariantName = "[No Variations]"
Add component (AddParameter): Name = "SnapEDA_Link"; Value = "https://www.snapeda.com/parts/2N2222A/Microsemi/view-part/?ref=snap"; VariantName = "[No Variations]"
Add component (AddParameter): Name = "Value"; Value = ""; VariantName = "[No Variations]"
Added Component: Designator=R?(R1/4W)
Added Component: Designator=R?(R1/4W)
Added Component: Designator=R?(R1/4W)
Add component: Footprint Not Found RESC1005X40N
Added Component: Designator=R?(R1/4W)
Add component: Footprint Not Found RESC1005X40N
Add component: Footprint Not Found RESC1005X40N
Added Component: Designator=R?(R1/4W)
Added Component: Designator=R?(R1/4W)
Added Component: Designator=R?(R1/4W)
Added Component: Designator=R?(R1/4W)
Added Component: Designator=R?(R1/4W)
Added Component: Designator=R?(R1/4W)
Added Component: Designator=R?(R1/4W)
Added Component: Designator=R?(R1/4W)
Added Component: Designator=R?(R1/4W)
Added Component: Designator=R?(R1/4W)
Added Component: Designator=R?(R1/4W)
Added Component: Designator=RED?(LED-RED-0805)
Add component (AddParameter): Name = "AF"; Value = "1"; VariantName = "[No Variations]"
Add component (AddParameter): Name = "Area Factor"; Value = ""; VariantName = "[No Variations]"
Add component (AddParameter): Name = "BV"; Value = "0"; VariantName = "[No Variations]"
Add component (AddParameter): Name = "BV_MAX"; Value = "1e99"; VariantName = "[No Variations]"
Add component (AddParameter): Name = "CJO"; Value = "0"; VariantName = "[No Variations]"
Add component (AddParameter): Name = "CJP"; Value = "0"; VariantName = "[No Variations]"
Add component (AddParameter): Name = "CTA"; Value = "0"; VariantName = "[No Variations]"
Add component (AddParameter): Name = "CTP"; Value = "0"; VariantName = "[No Variations]"
Add component (AddParameter): Name = "DTEMP"; Value = ""; VariantName = "[No Variations]"
Add component (AddParameter): Name = "EG"; Value = "1.11"; VariantName = "[No Variations]"
Add component (AddParameter): Name = "FC"; Value = "0.5"; VariantName = "[No Variations]"
Add component (AddParameter): Name = "FCS"; Value = "0.5"; VariantName = "[No Variations]"
Add component (AddParameter): Name = "FV_MAX"; Value = "1e99"; VariantName = "[No Variations]"
Add component (AddParameter): Name = "IBV"; Value = "0.001"; VariantName = "[No Variations]"
Add component (AddParameter): Name = "IKF"; Value = "0"; VariantName = "[No Variations]"
Add component (AddParameter): Name = "IKR"; Value = "0"; VariantName = "[No Variations]"
Add component (AddParameter): Name = "Initial Voltage"; Value = ""; VariantName = "[No Variations]"
Add component (AddParameter): Name = "IS"; Value = "1e-14"; VariantName = "[No Variations]"
Add component (AddParameter): Name = "ISR"; Value = "1e-14"; VariantName = "[No Variations]"
Add component (AddParameter): Name = "JSW"; Value = "0"; VariantName = "[No Variations]"
Add component (AddParameter): Name = "JTUN"; Value = "0"; VariantName = "[No Variations]"
Add component (AddParameter): Name = "JTUNSW"; Value = "0"; VariantName = "[No Variations]"
Add component (AddParameter): Name = "KEG"; Value = "1"; VariantName = "[No Variations]"
Add component (AddParameter): Name = "KF"; Value = "0"; VariantName = "[No Variations]"
Add component (AddParameter): Name = "L"; Value = ""; VariantName = "[No Variations]"
Add component (AddParameter): Name = "LEVEL"; Value = "1"; VariantName = "[No Variations]"
Add component (AddParameter): Name = "M"; Value = ""; VariantName = "[No Variations]"
Add component (AddParameter): Name = "MJSW"; Value = "0.33"; VariantName = "[No Variations]"
Add component (AddParameter): Name = "N"; Value = "1"; VariantName = "[No Variations]"
Add component (AddParameter): Name = "NBV"; Value = "1"; VariantName = "[No Variations]"
Add component (AddParameter): Name = "NR"; Value = "1"; VariantName = "[No Variations]"
Add component (AddParameter): Name = "NS"; Value = "1"; VariantName = "[No Variations]"
Add component (AddParameter): Name = "NTUN"; Value = "30"; VariantName = "[No Variations]"
Add component (AddParameter): Name = "PHP"; Value = "1"; VariantName = "[No Variations]"
Add component (AddParameter): Name = "PJ"; Value = ""; VariantName = "[No Variations]"
Add component (AddParameter): Name = "RS"; Value = "0"; VariantName = "[No Variations]"
Add component (AddParameter): Name = "SENS_AREA"; Value = ""; VariantName = "[No Variations]"
Add component (AddParameter): Name = "SimulationGenericComponent"; Value = "True"; VariantName = "[No Variations]"
Add component (AddParameter): Name = "Starting Condition"; Value = ""; VariantName = "[No Variations]"
Add component (AddParameter): Name = "T_REL_LOCAL"; Value = ""; VariantName = "[No Variations]"
Add component (AddParameter): Name = "TCV"; Value = "0"; VariantName = "[No Variations]"
Add component (AddParameter): Name = "Temperature"; Value = ""; VariantName = "[No Variations]"
Add component (AddParameter): Name = "TLEV"; Value = "0"; VariantName = "[No Variations]"
Add component (AddParameter): Name = "TLEVC"; Value = "0"; VariantName = "[No Variations]"
Add component (AddParameter): Name = "TM1"; Value = "0"; VariantName = "[No Variations]"
Add component (AddParameter): Name = "TM2"; Value = "0"; VariantName = "[No Variations]"
Add component (AddParameter): Name = "TNOM"; Value = "27"; VariantName = "[No Variations]"
Add component (AddParameter): Name = "TPB"; Value = "0"; VariantName = "[No Variations]"
Add component (AddParameter): Name = "TPHP"; Value = "0"; VariantName = "[No Variations]"
Add component (AddParameter): Name = "TRS"; Value = "0"; VariantName = "[No Variations]"
Add component (AddParameter): Name = "TRS2"; Value = "0"; VariantName = "[No Variations]"
Add component (AddParameter): Name = "TT"; Value = "0"; VariantName = "[No Variations]"
Add component (AddParameter): Name = "TTT1"; Value = "0"; VariantName = "[No Variations]"
Add component (AddParameter): Name = "TTT2"; Value = "0"; VariantName = "[No Variations]"
Add component (AddParameter): Name = "VJ"; Value = "1"; VariantName = "[No Variations]"
Add component (AddParameter): Name = "W"; Value = ""; VariantName = "[No Variations]"
Add component (AddParameter): Name = "XTI"; Value = "3"; VariantName = "[No Variations]"
Add component (AddParameter): Name = "XTITUN"; Value = "3"; VariantName = "[No Variations]"
Add component: Footprint Not Found SW4_SMD
Add component: Footprint Not Found STM-LQFP48_M
Add component: Footprint Not Found AMS1117_3v3
Add component: Footprint Not Found STM-LQFP48_M
Added Pin To Net: NetName=+3.3V Pin=C?-1
Added Pin To Net: NetName=+3.3V Pin=R?-1
Added Pin To Net: NetName=+3.3V Pin=RED?-1
Added Net: Name=+3.3V
Added Pin To Net: NetName=+3.3Va Pin=C?-1
Added Net: Name=+3.3Va
Added Net: Name=+5
Added Pin To Net: NetName=BUTT_1 Pin=R?-2
Added Net: Name=BUTT_1
Added Pin To Net: NetName=BUTT_2 Pin=R?-2
Added Net: Name=BUTT_2
Added Pin To Net: NetName=BZZ Pin=R?-2
Added Net: Name=BZZ
Added Pin To Net: NetName=GND Pin=C?-2
Added Pin To Net: NetName=GND Pin=C?-4
Added Pin To Net: NetName=GND Pin=Q?-1
Added Pin To Net: NetName=GND Pin=R?-1
Added Net: Name=GND
Added Net: Name=I2C_SCL
Added Net: Name=I2C_SDA
Added Pin To Net: NetName=LED_1 Pin=R?-2
Added Pin To Net: NetName=LED_1 Pin=R?-2
Added Net: Name=LED_1
Added Pin To Net: NetName=LED_2 Pin=R?-2
Added Pin To Net: NetName=LED_2 Pin=R?-2
Added Net: Name=LED_2
Added Pin To Net: NetName=LED_3 Pin=R?-2
Added Pin To Net: NetName=LED_3 Pin=R?-2
Added Net: Name=LED_3
Added Pin To Net: NetName=LED_4 Pin=R?-2
Added Pin To Net: NetName=LED_4 Pin=R?-2
Added Net: Name=LED_4
Added Pin To Net: NetName=LED_5 Pin=R?-1
Added Pin To Net: NetName=LED_5 Pin=R?-1
Added Net: Name=LED_5
Added Pin To Net: NetName=LED_6 Pin=R?-1
Added Pin To Net: NetName=LED_6 Pin=R?-1
Added Net: Name=LED_6
Added Pin To Net: NetName=LED_7 Pin=R?-1
Added Pin To Net: NetName=LED_7 Pin=R?-1
Added Net: Name=LED_7
Added Pin To Net: NetName=NetBZZ?_2 Pin=Q?-3
Added Net: Name=NetBZZ?_2
Added Pin To Net: NetName=NetC?_2 Pin=C?-2
Added Net: Name=NetC?_2
Add Net: Net with name "NetC?_2" already exists
Added Pin To Net: NetName=NetC?_3 Pin=C?-3
Added Net: Name=NetC?_3
Added Pin To Net: NetName=NetLED?_1 Pin=R?-2
Added Net: Name=NetLED?_1
Add Net: Net with name "NetLED?_1" already exists
Add Net: Net with name "NetLED?_1" already exists
Add Net: Net with name "NetLED?_1" already exists
Add Net: Net with name "NetLED?_1" already exists
Add Net: Net with name "NetLED?_1" already exists
Add Net: Net with name "NetLED?_1" already exists
Add Net: Net with name "NetLED?_1" already exists
Add Net: Net with name "NetLED?_1" already exists
Add Net: Net with name "NetLED?_1" already exists
Add Net: Net with name "NetLED?_1" already exists
Add Net: Net with name "NetLED?_1" already exists
Add Net: Net with name "NetLED?_1" already exists
Add Net: Net with name "NetLED?_1" already exists
Added Net: Name=NetLED?_2
Add Net: Net with name "NetLED?_2" already exists
Added Pin To Net: NetName=NetM?_2 Pin=R?-1
Added Net: Name=NetM?_2
Add Net: Net with name "NetM?_2" already exists
Added Pin To Net: NetName=NetQ?_2 Pin=Q?-2
Added Pin To Net: NetName=NetQ?_2 Pin=R?-1
Added Net: Name=NetQ?_2
Added Pin To Net: NetName=NetR?_1 Pin=R?-1
Added Net: Name=NetR?_1
Added Pin To Net: NetName=NetR?_2 Pin=R?-2
Added Pin To Net: NetName=NetR?_2 Pin=RED?-2
Added Net: Name=NetR?_2
Added Pin To Net: NetName=N-MOS Pin=R?-2
Added Net: Name=N-MOS
Added Pin To Net: NetName=SW_BOOT0 Pin=R?-2
Added Net: Name=SW_BOOT0
Added Net: Name=USB_D_N
Added Pin To Net: NetName=USB_D_P Pin=R?-2
Added Net: Name=USB_D_P
Added Pin To Net: NetName=VBUS Pin=C?-1
Added Net: Name=VBUS
Added Class: Name=SYSTEM
Added Rule: Name=Schematic Supply Nets
Added Rule: Name=Schematic Supply Nets_1
Added Rule: Name=Schematic Supply Nets_2
Added Rule: Name=Schematic Supply Nets_3
Added Rule: Name=Schematic Supply Nets_4
