Added Component: Designator=BZZ1(buzzer 5V)
Added Component: Designator=C1(tu 0402)
Add component (AddParameter): Name = "CPAR"; Value = ""; VariantName = "[No Variations]"
Add component (AddParameter): Name = "LSER"; Value = ""; VariantName = "[No Variations]"
Add component (AddParameter): Name = "RLSHUNT"; Value = ""; VariantName = "[No Variations]"
Add component (AddParameter): Name = "RPAR"; Value = ""; VariantName = "[No Variations]"
Add component (AddParameter): Name = "RSER"; Value = ""; VariantName = "[No Variations]"
Add component (AddParameter): Name = "SimulationGenericComponent"; Value = "True"; VariantName = "[No Variations]"
Add component (AddParameter): Name = "TEMP"; Value = ""; VariantName = "[No Variations]"
Add component (AddParameter): Name = "Value"; Value = "100n"; VariantName = "[No Variations]"
Added Component: Designator=C2(tu 0402)
Add component (AddParameter): Name = "CPAR"; Value = ""; VariantName = "[No Variations]"
Add component (AddParameter): Name = "LSER"; Value = ""; VariantName = "[No Variations]"
Add component (AddParameter): Name = "RLSHUNT"; Value = ""; VariantName = "[No Variations]"
Add component (AddParameter): Name = "RPAR"; Value = ""; VariantName = "[No Variations]"
Add component (AddParameter): Name = "RSER"; Value = ""; VariantName = "[No Variations]"
Add component (AddParameter): Name = "SimulationGenericComponent"; Value = "True"; VariantName = "[No Variations]"
Add component (AddParameter): Name = "TEMP"; Value = ""; VariantName = "[No Variations]"
Add component (AddParameter): Name = "Value"; Value = "10u"; VariantName = "[No Variations]"
Added Component: Designator=C3(tu 0402)
Add component (AddParameter): Name = "CPAR"; Value = ""; VariantName = "[No Variations]"
Add component (AddParameter): Name = "LSER"; Value = ""; VariantName = "[No Variations]"
Add component (AddParameter): Name = "RLSHUNT"; Value = ""; VariantName = "[No Variations]"
Add component (AddParameter): Name = "RPAR"; Value = ""; VariantName = "[No Variations]"
Add component (AddParameter): Name = "RSER"; Value = ""; VariantName = "[No Variations]"
Add component (AddParameter): Name = "SimulationGenericComponent"; Value = "True"; VariantName = "[No Variations]"
Add component (AddParameter): Name = "TEMP"; Value = ""; VariantName = "[No Variations]"
Add component (AddParameter): Name = "Value"; Value = "100n"; VariantName = "[No Variations]"
Added Component: Designator=C4(tu 0402)
Add component (AddParameter): Name = "CPAR"; Value = ""; VariantName = "[No Variations]"
Add component (AddParameter): Name = "LSER"; Value = ""; VariantName = "[No Variations]"
Add component (AddParameter): Name = "RLSHUNT"; Value = ""; VariantName = "[No Variations]"
Add component (AddParameter): Name = "RPAR"; Value = ""; VariantName = "[No Variations]"
Add component (AddParameter): Name = "RSER"; Value = ""; VariantName = "[No Variations]"
Add component (AddParameter): Name = "SimulationGenericComponent"; Value = "True"; VariantName = "[No Variations]"
Add component (AddParameter): Name = "TEMP"; Value = ""; VariantName = "[No Variations]"
Add component (AddParameter): Name = "Value"; Value = "100n"; VariantName = "[No Variations]"
Added Component: Designator=C5(tu 0402)
Add component (AddParameter): Name = "CPAR"; Value = ""; VariantName = "[No Variations]"
Add component (AddParameter): Name = "LSER"; Value = ""; VariantName = "[No Variations]"
Add component (AddParameter): Name = "RLSHUNT"; Value = ""; VariantName = "[No Variations]"
Add component (AddParameter): Name = "RPAR"; Value = ""; VariantName = "[No Variations]"
Add component (AddParameter): Name = "RSER"; Value = ""; VariantName = "[No Variations]"
Add component (AddParameter): Name = "SimulationGenericComponent"; Value = "True"; VariantName = "[No Variations]"
Add component (AddParameter): Name = "TEMP"; Value = ""; VariantName = "[No Variations]"
Add component (AddParameter): Name = "Value"; Value = "100n"; VariantName = "[No Variations]"
Added Component: Designator=C6(CAPC2012X94N)
Add component (AddParameter): Name = "CPAR"; Value = ""; VariantName = "[No Variations]"
Add component (AddParameter): Name = "LSER"; Value = ""; VariantName = "[No Variations]"
Add component (AddParameter): Name = "RLSHUNT"; Value = ""; VariantName = "[No Variations]"
Add component (AddParameter): Name = "RPAR"; Value = ""; VariantName = "[No Variations]"
Add component (AddParameter): Name = "RSER"; Value = ""; VariantName = "[No Variations]"
Add component (AddParameter): Name = "SimulationGenericComponent"; Value = "True"; VariantName = "[No Variations]"
Add component (AddParameter): Name = "TEMP"; Value = ""; VariantName = "[No Variations]"
Add component (AddParameter): Name = "Value"; Value = "22u"; VariantName = "[No Variations]"
Added Component: Designator=C7(CAPC2012X94N)
Add component (AddParameter): Name = "CPAR"; Value = ""; VariantName = "[No Variations]"
Add component (AddParameter): Name = "LSER"; Value = ""; VariantName = "[No Variations]"
Add component (AddParameter): Name = "RLSHUNT"; Value = ""; VariantName = "[No Variations]"
Add component (AddParameter): Name = "RPAR"; Value = ""; VariantName = "[No Variations]"
Add component (AddParameter): Name = "RSER"; Value = ""; VariantName = "[No Variations]"
Add component (AddParameter): Name = "SimulationGenericComponent"; Value = "True"; VariantName = "[No Variations]"
Add component (AddParameter): Name = "TEMP"; Value = ""; VariantName = "[No Variations]"
Add component (AddParameter): Name = "Value"; Value = "22u"; VariantName = "[No Variations]"
Added Component: Designator=C8(tu 0402)
Add component (AddParameter): Name = "CPAR"; Value = ""; VariantName = "[No Variations]"
Add component (AddParameter): Name = "LSER"; Value = ""; VariantName = "[No Variations]"
Add component (AddParameter): Name = "RLSHUNT"; Value = ""; VariantName = "[No Variations]"
Add component (AddParameter): Name = "RPAR"; Value = ""; VariantName = "[No Variations]"
Add component (AddParameter): Name = "RSER"; Value = ""; VariantName = "[No Variations]"
Add component (AddParameter): Name = "SimulationGenericComponent"; Value = "True"; VariantName = "[No Variations]"
Add component (AddParameter): Name = "TEMP"; Value = ""; VariantName = "[No Variations]"
Add component (AddParameter): Name = "Value"; Value = "1u"; VariantName = "[No Variations]"
Added Component: Designator=C9(tu 0402)
Add component (AddParameter): Name = "CPAR"; Value = ""; VariantName = "[No Variations]"
Add component (AddParameter): Name = "LSER"; Value = ""; VariantName = "[No Variations]"
Add component (AddParameter): Name = "RLSHUNT"; Value = ""; VariantName = "[No Variations]"
Add component (AddParameter): Name = "RPAR"; Value = ""; VariantName = "[No Variations]"
Add component (AddParameter): Name = "RSER"; Value = ""; VariantName = "[No Variations]"
Add component (AddParameter): Name = "SimulationGenericComponent"; Value = "True"; VariantName = "[No Variations]"
Add component (AddParameter): Name = "TEMP"; Value = ""; VariantName = "[No Variations]"
Add component (AddParameter): Name = "Value"; Value = "1u"; VariantName = "[No Variations]"
Added Component: Designator=C10(tu 0402)
Add component (AddParameter): Name = "CPAR"; Value = ""; VariantName = "[No Variations]"
Add component (AddParameter): Name = "LSER"; Value = ""; VariantName = "[No Variations]"
Add component (AddParameter): Name = "RLSHUNT"; Value = ""; VariantName = "[No Variations]"
Add component (AddParameter): Name = "RPAR"; Value = ""; VariantName = "[No Variations]"
Add component (AddParameter): Name = "RSER"; Value = ""; VariantName = "[No Variations]"
Add component (AddParameter): Name = "SimulationGenericComponent"; Value = "True"; VariantName = "[No Variations]"
Add component (AddParameter): Name = "TEMP"; Value = ""; VariantName = "[No Variations]"
Add component (AddParameter): Name = "Value"; Value = "10n"; VariantName = "[No Variations]"
Added Component: Designator=C11(HDR4)
Add component (AddParameter): Name = "ComponentLink1 Description"; Value = "Manufacturer"; VariantName = "[No Variations]"
Add component (AddParameter): Name = "ComponentLink1URL"; Value = "http://www.we-online.com"; VariantName = "[No Variations]"
Add component (AddParameter): Name = "ComponentLink2 Description"; Value = "Datasheet"; VariantName = "[No Variations]"
Add component (AddParameter): Name = "ComponentLink2URL"; Value = "http://katalog.we-online.de/em/datasheet/6130xx143121.pdf"; VariantName = "[No Variations]"
Add component (AddParameter): Name = "Created by"; Value = "Karrer Zheng"; VariantName = "[No Variations]"
Add component (AddParameter): Name = "Created Date"; Value = "29 March 2013"; VariantName = "[No Variations]"
Add component (AddParameter): Name = "Manufacturer"; Value = "W¨ąrth Elektronik eiSos GmbH"; VariantName = "[No Variations]"
Add component (AddParameter): Name = "NoPins"; Value = "02"; VariantName = "[No Variations]"
Add component (AddParameter): Name = "partNo"; Value = "613002143121"; VariantName = "[No Variations]"
Added Component: Designator=FB1(FBC1608X95N)
Add component (AddParameter): Name = "ComponentLink1Description"; Value = "http://www.tdk.co.jp/tefe02/e9412_mmz.pdf"; VariantName = "[No Variations]"
Add component (AddParameter): Name = "ComponentLink1URL"; Value = "http://www.tdk.co.jp/tefe02/e9412_mmz.pdf"; VariantName = "[No Variations]"
Add component (AddParameter): Name = "Current Rating"; Value = "200mA"; VariantName = "[No Variations]"
Add component (AddParameter): Name = "DC Resistance (DCR)"; Value = "800 mOhm Max"; VariantName = "[No Variations]"
Add component (AddParameter): Name = "Filter Type"; Value = "Differential Mode - Single"; VariantName = "[No Variations]"
Add component (AddParameter): Name = "Height (Max)"; Value = "0.037" (0.95mm)"; VariantName = "[No Variations]"
Add component (AddParameter): Name = "Impedance @ Frequency"; Value = "2200 Ohm @ 100MHz"; VariantName = "[No Variations]"
Add component (AddParameter): Name = "Manufacturer 1"; Value = "TDK Corporation"; VariantName = "[No Variations]"
Add component (AddParameter): Name = "Manufacturer Part Number 1"; Value = "MMZ1608A222B"; VariantName = "[No Variations]"
Add component (AddParameter): Name = "Mounting Type"; Value = "Surface Mount"; VariantName = "[No Variations]"
Add component (AddParameter): Name = "Package / Case"; Value = "0603 (1608 Metric)"; VariantName = "[No Variations]"
Add component (AddParameter): Name = "Ratings"; Value = "200 mA; 800 mOhm DC"; VariantName = "[No Variations]"
Add component (AddParameter): Name = "RoHS 1"; Value = "RoHS Compliant"; VariantName = "[No Variations]"
Add component (AddParameter): Name = "SCDType"; Value = "source"; VariantName = "[No Variations]"
Add component (AddParameter): Name = "Size / Dimension"; Value = "0.063" L x 0.031" W (1.60mm x 0.80mm)"; VariantName = "[No Variations]"
Add component (AddParameter): Name = "Supplier 1"; Value = "Digi-Key"; VariantName = "[No Variations]"
Add component (AddParameter): Name = "Supplier Part Number 1"; Value = "445-8671-1-ND"; VariantName = "[No Variations]"
Add component (AddParameter): Name = "Value"; Value = "2K2 @ 100 MHz"; VariantName = "[No Variations]"
Added Component: Designator=I1(I2C-LCD16X2)
Add component (AddParameter): Name = "Value"; Value = "LCD16x2A"; VariantName = "[No Variations]"
Added Component: Designator=J1(USB-Micr-B-FCI-SMD)
Added Component: Designator=LED1(LED-3)
Add component (AddParameter): Name = "Value"; Value = "LED 3 ly Single Colour"; VariantName = "[No Variations]"
Added Component: Designator=LED2(LED-3)
Add component (AddParameter): Name = "Value"; Value = "LED 3 ly Single Colour"; VariantName = "[No Variations]"
Added Component: Designator=LED3(LED-3)
Add component (AddParameter): Name = "Value"; Value = "LED 3 ly Single Colour"; VariantName = "[No Variations]"
Added Component: Designator=LED4(LED-3)
Add component (AddParameter): Name = "Value"; Value = "LED 3 ly Single Colour"; VariantName = "[No Variations]"
Added Component: Designator=LED5(LED-3)
Add component (AddParameter): Name = "Value"; Value = "LED 3 ly Single Colour"; VariantName = "[No Variations]"
Added Component: Designator=LED6(LED-3)
Add component (AddParameter): Name = "Value"; Value = "LED 3 ly Single Colour"; VariantName = "[No Variations]"
Added Component: Designator=LED7(LED-3)
Add component (AddParameter): Name = "Value"; Value = "LED 3 ly Single Colour"; VariantName = "[No Variations]"
Added Component: Designator=LED8(LED-3)
Add component (AddParameter): Name = "Value"; Value = "LED 3 ly Single Colour"; VariantName = "[No Variations]"
Added Component: Designator=LED9(LED-3)
Add component (AddParameter): Name = "Value"; Value = "LED 3 ly Single Colour"; VariantName = "[No Variations]"
Added Component: Designator=LED10(LED-3)
Add component (AddParameter): Name = "Value"; Value = "LED 3 ly Single Colour"; VariantName = "[No Variations]"
Added Component: Designator=LED11(LED-3)
Add component (AddParameter): Name = "Value"; Value = "LED 3 ly Single Colour"; VariantName = "[No Variations]"
Added Component: Designator=LED12(LED-3)
Add component (AddParameter): Name = "Value"; Value = "LED 3 ly Single Colour"; VariantName = "[No Variations]"
Added Component: Designator=LED13(LED-3)
Add component (AddParameter): Name = "Value"; Value = "LED 3 ly Single Colour"; VariantName = "[No Variations]"
Added Component: Designator=LED14(LED-3)
Add component (AddParameter): Name = "Value"; Value = "LED 3 ly Single Colour"; VariantName = "[No Variations]"
Added Component: Designator=M1(TO254P1054X469X1930-3)
Add component (AddParameter): Name = "AF"; Value = ""; VariantName = "[No Variations]"
Add component (AddParameter): Name = "CBD"; Value = "0"; VariantName = "[No Variations]"
Add component (AddParameter): Name = "CBS"; Value = "0"; VariantName = "[No Variations]"
Add component (AddParameter): Name = "CGBO"; Value = "0"; VariantName = "[No Variations]"
Add component (AddParameter): Name = "CGDO"; Value = "0"; VariantName = "[No Variations]"
Add component (AddParameter): Name = "CGSO"; Value = "0"; VariantName = "[No Variations]"
Add component (AddParameter): Name = "CJ"; Value = "0"; VariantName = "[No Variations]"
Add component (AddParameter): Name = "CJSW"; Value = "0"; VariantName = "[No Variations]"
Add component (AddParameter): Name = "Drain Area"; Value = ""; VariantName = "[No Variations]"
Add component (AddParameter): Name = "Drain Perimeter"; Value = ""; VariantName = "[No Variations]"
Add component (AddParameter): Name = "DTEMP"; Value = ""; VariantName = "[No Variations]"
Add component (AddParameter): Name = "FC"; Value = "0.5"; VariantName = "[No Variations]"
Add component (AddParameter): Name = "GAMMA"; Value = "0"; VariantName = "[No Variations]"
Add component (AddParameter): Name = "Initial B-S Voltage"; Value = ""; VariantName = "[No Variations]"
Add component (AddParameter): Name = "Initial D-S Voltage"; Value = ""; VariantName = "[No Variations]"
Add component (AddParameter): Name = "Initial G-S Voltage"; Value = ""; VariantName = "[No Variations]"
Add component (AddParameter): Name = "IS"; Value = "1e-14"; VariantName = "[No Variations]"
Add component (AddParameter): Name = "JS"; Value = "0"; VariantName = "[No Variations]"
Add component (AddParameter): Name = "KF"; Value = ""; VariantName = "[No Variations]"
Add component (AddParameter): Name = "KP"; Value = "2e-05"; VariantName = "[No Variations]"
Add component (AddParameter): Name = "LAMBDA"; Value = "0"; VariantName = "[No Variations]"
Add component (AddParameter): Name = "LD"; Value = "0"; VariantName = "[No Variations]"
Add component (AddParameter): Name = "Length"; Value = ""; VariantName = "[No Variations]"
Add component (AddParameter): Name = "M"; Value = ""; VariantName = "[No Variations]"
Add component (AddParameter): Name = "MJ"; Value = "0.5"; VariantName = "[No Variations]"
Add component (AddParameter): Name = "MJSW"; Value = "0.5"; VariantName = "[No Variations]"
Add component (AddParameter): Name = "NRD"; Value = ""; VariantName = "[No Variations]"
Add component (AddParameter): Name = "NRS"; Value = ""; VariantName = "[No Variations]"
Add component (AddParameter): Name = "NSS"; Value = "0"; VariantName = "[No Variations]"
Add component (AddParameter): Name = "NSUB"; Value = "0"; VariantName = "[No Variations]"
Add component (AddParameter): Name = "PB"; Value = "0.8"; VariantName = "[No Variations]"
Add component (AddParameter): Name = "PHI"; Value = "0.6"; VariantName = "[No Variations]"
Add component (AddParameter): Name = "RD"; Value = "0"; VariantName = "[No Variations]"
Add component (AddParameter): Name = "RS"; Value = "0"; VariantName = "[No Variations]"
Add component (AddParameter): Name = "RSH"; Value = "0"; VariantName = "[No Variations]"
Add component (AddParameter): Name = "SENS_L"; Value = ""; VariantName = "[No Variations]"
Add component (AddParameter): Name = "SENS_W"; Value = ""; VariantName = "[No Variations]"
Add component (AddParameter): Name = "SimulationGenericComponent"; Value = "True"; VariantName = "[No Variations]"
Add component (AddParameter): Name = "Source Area"; Value = ""; VariantName = "[No Variations]"
Add component (AddParameter): Name = "Source Perimeter"; Value = ""; VariantName = "[No Variations]"
Add component (AddParameter): Name = "Starting Condition"; Value = ""; VariantName = "[No Variations]"
Add component (AddParameter): Name = "Temperature"; Value = ""; VariantName = "[No Variations]"
Add component (AddParameter): Name = "TNOM"; Value = "27"; VariantName = "[No Variations]"
Add component (AddParameter): Name = "TOX"; Value = "0"; VariantName = "[No Variations]"
Add component (AddParameter): Name = "TPG"; Value = "0"; VariantName = "[No Variations]"
Add component (AddParameter): Name = "U0"; Value = "0"; VariantName = "[No Variations]"
Add component (AddParameter): Name = "VTO"; Value = "0"; VariantName = "[No Variations]"
Add component (AddParameter): Name = "Width"; Value = ""; VariantName = "[No Variations]"
Added Component: Designator=M2(TO254P1054X469X1930-3)
Add component (AddParameter): Name = "AF"; Value = ""; VariantName = "[No Variations]"
Add component (AddParameter): Name = "CBD"; Value = "0"; VariantName = "[No Variations]"
Add component (AddParameter): Name = "CBS"; Value = "0"; VariantName = "[No Variations]"
Add component (AddParameter): Name = "CGBO"; Value = "0"; VariantName = "[No Variations]"
Add component (AddParameter): Name = "CGDO"; Value = "0"; VariantName = "[No Variations]"
Add component (AddParameter): Name = "CGSO"; Value = "0"; VariantName = "[No Variations]"
Add component (AddParameter): Name = "CJ"; Value = "0"; VariantName = "[No Variations]"
Add component (AddParameter): Name = "CJSW"; Value = "0"; VariantName = "[No Variations]"
Add component (AddParameter): Name = "Drain Area"; Value = ""; VariantName = "[No Variations]"
Add component (AddParameter): Name = "Drain Perimeter"; Value = ""; VariantName = "[No Variations]"
Add component (AddParameter): Name = "DTEMP"; Value = ""; VariantName = "[No Variations]"
Add component (AddParameter): Name = "FC"; Value = "0.5"; VariantName = "[No Variations]"
Add component (AddParameter): Name = "GAMMA"; Value = "0"; VariantName = "[No Variations]"
Add component (AddParameter): Name = "Initial B-S Voltage"; Value = ""; VariantName = "[No Variations]"
Add component (AddParameter): Name = "Initial D-S Voltage"; Value = ""; VariantName = "[No Variations]"
Add component (AddParameter): Name = "Initial G-S Voltage"; Value = ""; VariantName = "[No Variations]"
Add component (AddParameter): Name = "IS"; Value = "1e-14"; VariantName = "[No Variations]"
Add component (AddParameter): Name = "JS"; Value = "0"; VariantName = "[No Variations]"
Add component (AddParameter): Name = "KF"; Value = ""; VariantName = "[No Variations]"
Add component (AddParameter): Name = "KP"; Value = "2e-05"; VariantName = "[No Variations]"
Add component (AddParameter): Name = "LAMBDA"; Value = "0"; VariantName = "[No Variations]"
Add component (AddParameter): Name = "LD"; Value = "0"; VariantName = "[No Variations]"
Add component (AddParameter): Name = "Length"; Value = ""; VariantName = "[No Variations]"
Add component (AddParameter): Name = "M"; Value = ""; VariantName = "[No Variations]"
Add component (AddParameter): Name = "MJ"; Value = "0.5"; VariantName = "[No Variations]"
Add component (AddParameter): Name = "MJSW"; Value = "0.5"; VariantName = "[No Variations]"
Add component (AddParameter): Name = "NRD"; Value = ""; VariantName = "[No Variations]"
Add component (AddParameter): Name = "NRS"; Value = ""; VariantName = "[No Variations]"
Add component (AddParameter): Name = "NSS"; Value = "0"; VariantName = "[No Variations]"
Add component (AddParameter): Name = "NSUB"; Value = "0"; VariantName = "[No Variations]"
Add component (AddParameter): Name = "PB"; Value = "0.8"; VariantName = "[No Variations]"
Add component (AddParameter): Name = "PHI"; Value = "0.6"; VariantName = "[No Variations]"
Add component (AddParameter): Name = "RD"; Value = "0"; VariantName = "[No Variations]"
Add component (AddParameter): Name = "RS"; Value = "0"; VariantName = "[No Variations]"
Add component (AddParameter): Name = "RSH"; Value = "0"; VariantName = "[No Variations]"
Add component (AddParameter): Name = "SENS_L"; Value = ""; VariantName = "[No Variations]"
Add component (AddParameter): Name = "SENS_W"; Value = ""; VariantName = "[No Variations]"
Add component (AddParameter): Name = "SimulationGenericComponent"; Value = "True"; VariantName = "[No Variations]"
Add component (AddParameter): Name = "Source Area"; Value = ""; VariantName = "[No Variations]"
Add component (AddParameter): Name = "Source Perimeter"; Value = ""; VariantName = "[No Variations]"
Add component (AddParameter): Name = "Starting Condition"; Value = ""; VariantName = "[No Variations]"
Add component (AddParameter): Name = "Temperature"; Value = ""; VariantName = "[No Variations]"
Add component (AddParameter): Name = "TNOM"; Value = "27"; VariantName = "[No Variations]"
Add component (AddParameter): Name = "TOX"; Value = "0"; VariantName = "[No Variations]"
Add component (AddParameter): Name = "TPG"; Value = "0"; VariantName = "[No Variations]"
Add component (AddParameter): Name = "U0"; Value = "0"; VariantName = "[No Variations]"
Add component (AddParameter): Name = "VTO"; Value = "0"; VariantName = "[No Variations]"
Add component (AddParameter): Name = "Width"; Value = ""; VariantName = "[No Variations]"
Added Component: Designator=Q1(TO127P584H533-3)
Add component (AddParameter): Name = "Check_prices"; Value = "https://www.snapeda.com/parts/2N2222A/Microsemi/view-part/?ref=eda"; VariantName = "[No Variations]"
Add component (AddParameter): Name = "MF"; Value = "Microsemi Corporation"; VariantName = "[No Variations]"
Add component (AddParameter): Name = "MP"; Value = "2N2222A"; VariantName = "[No Variations]"
Add component (AddParameter): Name = "Package"; Value = "None"; VariantName = "[No Variations]"
Add component (AddParameter): Name = "SnapEDA_Link"; Value = "https://www.snapeda.com/parts/2N2222A/Microsemi/view-part/?ref=snap"; VariantName = "[No Variations]"
Add component (AddParameter): Name = "Value"; Value = ""; VariantName = "[No Variations]"
Added Component: Designator=R1(RES-SMD-0402)
Added Component: Designator=R2(RES-SMD-0402)
Add component (AddParameter): Name = "ComponentLink1Description"; Value = "http://www.yageo.com/documents/recent/PYu-RC0402_51_RoHS_L_6.pdf"; VariantName = "[No Variations]"
Add component (AddParameter): Name = "ComponentLink1URL"; Value = "http://www.yageo.com/documents/recent/PYu-RC0402_51_RoHS_L_6.pdf"; VariantName = "[No Variations]"
Add component (AddParameter): Name = "ComponentLink2Description"; Value = "http://www.vishay.com/doc?20035"; VariantName = "[No Variations]"
Add component (AddParameter): Name = "ComponentLink2URL"; Value = "http://www.vishay.com/doc?20035"; VariantName = "[No Variations]"
Add component (AddParameter): Name = "ComponentLink3Description"; Value = "http://www.samsungsem.com/servlet/FileDownload?filename=productcatalog/pdf/Chip_Resistor.pdf"; VariantName = "[No Variations]"
Add component (AddParameter): Name = "ComponentLink3URL"; Value = "http://www.samsungsem.com/servlet/FileDownload?filename=productcatalog/pdf/Chip_Resistor.pdf"; VariantName = "[No Variations]"
Add component (AddParameter): Name = "ComponentLink4Description"; Value = "http://rohmfs.rohm.com/en/products/databook/datasheet/passive/resistor/chip_resistor/mcr_g.pdf"; VariantName = "[No Variations]"
Add component (AddParameter): Name = "ComponentLink4URL"; Value = "http://rohmfs.rohm.com/en/products/databook/datasheet/passive/resistor/chip_resistor/mcr_g.pdf"; VariantName = "[No Variations]"
Add component (AddParameter): Name = "ComponentLink5Description"; Value = "http://industrial.panasonic.com/www-cgi/jvcr13pz.cgi?E+PZ+3+AOA0001+ERJ2GEJ102X+7+WW"; VariantName = "[No Variations]"
Add component (AddParameter): Name = "ComponentLink5URL"; Value = "http://industrial.panasonic.com/www-cgi/jvcr13pz.cgi?E+PZ+3+AOA0001+ERJ2GEJ102X+7+WW"; VariantName = "[No Variations]"
Add component (AddParameter): Name = "Manufacturer 1"; Value = "Yageo"; VariantName = "[No Variations]"
Add component (AddParameter): Name = "Manufacturer 2"; Value = "Vishay Dale"; VariantName = "[No Variations]"
Add component (AddParameter): Name = "Manufacturer 3"; Value = "Samsung Electro-Mechanics America, Inc"; VariantName = "[No Variations]"
Add component (AddParameter): Name = "Manufacturer 4"; Value = "Rohm Semiconductor"; VariantName = "[No Variations]"
Add component (AddParameter): Name = "Manufacturer 5"; Value = "Panasonic Electronic Components"; VariantName = "[No Variations]"
Add component (AddParameter): Name = "Manufacturer Part Number 1"; Value = "RC0402JR-071KL"; VariantName = "[No Variations]"
Add component (AddParameter): Name = "Manufacturer Part Number 2"; Value = "CRCW04021K00JNED"; VariantName = "[No Variations]"
Add component (AddParameter): Name = "Manufacturer Part Number 3"; Value = "RC1005J102CS"; VariantName = "[No Variations]"
Add component (AddParameter): Name = "Manufacturer Part Number 4"; Value = "MCR01MRTJ102"; VariantName = "[No Variations]"
Add component (AddParameter): Name = "Manufacturer Part Number 5"; Value = "ERJ-2GEJ102X"; VariantName = "[No Variations]"
Add component (AddParameter): Name = "Package / Case"; Value = "0402 (1005 Metric)"; VariantName = "[No Variations]"
Add component (AddParameter): Name = "Ratings"; Value = "1/16 W"; VariantName = "[No Variations]"
Add component (AddParameter): Name = "RoHS 1"; Value = "RoHS Compliant"; VariantName = "[No Variations]"
Add component (AddParameter): Name = "RoHS 2"; Value = "RoHS Compliant"; VariantName = "[No Variations]"
Add component (AddParameter): Name = "RoHS 3"; Value = "RoHS Compliant"; VariantName = "[No Variations]"
Add component (AddParameter): Name = "RoHS 4"; Value = "RoHS Compliant"; VariantName = "[No Variations]"
Add component (AddParameter): Name = "RoHS 5"; Value = "RoHS Compliant"; VariantName = "[No Variations]"
Add component (AddParameter): Name = "SCDType"; Value = "spec"; VariantName = "[No Variations]"
Add component (AddParameter): Name = "Supplier 1"; Value = "Digi-Key"; VariantName = "[No Variations]"
Add component (AddParameter): Name = "Supplier 2"; Value = "Digi-Key"; VariantName = "[No Variations]"
Add component (AddParameter): Name = "Supplier 3"; Value = "Digi-Key"; VariantName = "[No Variations]"
Add component (AddParameter): Name = "Supplier 4"; Value = "Digi-Key"; VariantName = "[No Variations]"
Add component (AddParameter): Name = "Supplier 5"; Value = "Digi-Key"; VariantName = "[No Variations]"
Add component (AddParameter): Name = "Supplier Part Number 1"; Value = "311-1.0KJRCT-ND"; VariantName = "[No Variations]"
Add component (AddParameter): Name = "Supplier Part Number 2"; Value = "541-1.0KJCT-ND"; VariantName = "[No Variations]"
Add component (AddParameter): Name = "Supplier Part Number 3"; Value = "1276-4376-1-ND"; VariantName = "[No Variations]"
Add component (AddParameter): Name = "Supplier Part Number 4"; Value = "RHM1.0KCECT-ND"; VariantName = "[No Variations]"
Add component (AddParameter): Name = "Supplier Part Number 5"; Value = "P1.0KJCT-ND"; VariantName = "[No Variations]"
Add component (AddParameter): Name = "Tolerance"; Value = "±5%"; VariantName = "[No Variations]"
Add component (AddParameter): Name = "Value"; Value = "1k5"; VariantName = "[No Variations]"
Added Component: Designator=R3(RES-SMD-0402)
Add component (AddParameter): Name = "ComponentLink1Description"; Value = "http://www.yageo.com/documents/recent/PYu-RC0402_51_RoHS_L_6.pdf"; VariantName = "[No Variations]"
Add component (AddParameter): Name = "ComponentLink1URL"; Value = "http://www.yageo.com/documents/recent/PYu-RC0402_51_RoHS_L_6.pdf"; VariantName = "[No Variations]"
Add component (AddParameter): Name = "ComponentLink2Description"; Value = "http://www.vishay.com/doc?20035"; VariantName = "[No Variations]"
Add component (AddParameter): Name = "ComponentLink2URL"; Value = "http://www.vishay.com/doc?20035"; VariantName = "[No Variations]"
Add component (AddParameter): Name = "ComponentLink3Description"; Value = "http://www.samsungsem.com/servlet/FileDownload?filename=productcatalog/pdf/Chip_Resistor.pdf"; VariantName = "[No Variations]"
Add component (AddParameter): Name = "ComponentLink3URL"; Value = "http://www.samsungsem.com/servlet/FileDownload?filename=productcatalog/pdf/Chip_Resistor.pdf"; VariantName = "[No Variations]"
Add component (AddParameter): Name = "ComponentLink4Description"; Value = "http://rohmfs.rohm.com/en/products/databook/datasheet/passive/resistor/chip_resistor/mcr_g.pdf"; VariantName = "[No Variations]"
Add component (AddParameter): Name = "ComponentLink4URL"; Value = "http://rohmfs.rohm.com/en/products/databook/datasheet/passive/resistor/chip_resistor/mcr_g.pdf"; VariantName = "[No Variations]"
Add component (AddParameter): Name = "ComponentLink5Description"; Value = "http://industrial.panasonic.com/www-cgi/jvcr13pz.cgi?E+PZ+3+AOA0001+ERJ2GEJ102X+7+WW"; VariantName = "[No Variations]"
Add component (AddParameter): Name = "ComponentLink5URL"; Value = "http://industrial.panasonic.com/www-cgi/jvcr13pz.cgi?E+PZ+3+AOA0001+ERJ2GEJ102X+7+WW"; VariantName = "[No Variations]"
Add component (AddParameter): Name = "Manufacturer 1"; Value = "Yageo"; VariantName = "[No Variations]"
Add component (AddParameter): Name = "Manufacturer 2"; Value = "Vishay Dale"; VariantName = "[No Variations]"
Add component (AddParameter): Name = "Manufacturer 3"; Value = "Samsung Electro-Mechanics America, Inc"; VariantName = "[No Variations]"
Add component (AddParameter): Name = "Manufacturer 4"; Value = "Rohm Semiconductor"; VariantName = "[No Variations]"
Add component (AddParameter): Name = "Manufacturer 5"; Value = "Panasonic Electronic Components"; VariantName = "[No Variations]"
Add component (AddParameter): Name = "Manufacturer Part Number 1"; Value = "RC0402JR-071KL"; VariantName = "[No Variations]"
Add component (AddParameter): Name = "Manufacturer Part Number 2"; Value = "CRCW04021K00JNED"; VariantName = "[No Variations]"
Add component (AddParameter): Name = "Manufacturer Part Number 3"; Value = "RC1005J102CS"; VariantName = "[No Variations]"
Add component (AddParameter): Name = "Manufacturer Part Number 4"; Value = "MCR01MRTJ102"; VariantName = "[No Variations]"
Add component (AddParameter): Name = "Manufacturer Part Number 5"; Value = "ERJ-2GEJ102X"; VariantName = "[No Variations]"
Add component (AddParameter): Name = "Package / Case"; Value = "0402 (1005 Metric)"; VariantName = "[No Variations]"
Add component (AddParameter): Name = "Ratings"; Value = "1/16 W"; VariantName = "[No Variations]"
Add component (AddParameter): Name = "RoHS 1"; Value = "RoHS Compliant"; VariantName = "[No Variations]"
Add component (AddParameter): Name = "RoHS 2"; Value = "RoHS Compliant"; VariantName = "[No Variations]"
Add component (AddParameter): Name = "RoHS 3"; Value = "RoHS Compliant"; VariantName = "[No Variations]"
Add component (AddParameter): Name = "RoHS 4"; Value = "RoHS Compliant"; VariantName = "[No Variations]"
Add component (AddParameter): Name = "RoHS 5"; Value = "RoHS Compliant"; VariantName = "[No Variations]"
Add component (AddParameter): Name = "SCDType"; Value = "spec"; VariantName = "[No Variations]"
Add component (AddParameter): Name = "Supplier 1"; Value = "Digi-Key"; VariantName = "[No Variations]"
Add component (AddParameter): Name = "Supplier 2"; Value = "Digi-Key"; VariantName = "[No Variations]"
Add component (AddParameter): Name = "Supplier 3"; Value = "Digi-Key"; VariantName = "[No Variations]"
Add component (AddParameter): Name = "Supplier 4"; Value = "Digi-Key"; VariantName = "[No Variations]"
Add component (AddParameter): Name = "Supplier 5"; Value = "Digi-Key"; VariantName = "[No Variations]"
Add component (AddParameter): Name = "Supplier Part Number 1"; Value = "311-1.0KJRCT-ND"; VariantName = "[No Variations]"
Add component (AddParameter): Name = "Supplier Part Number 2"; Value = "541-1.0KJCT-ND"; VariantName = "[No Variations]"
Add component (AddParameter): Name = "Supplier Part Number 3"; Value = "1276-4376-1-ND"; VariantName = "[No Variations]"
Add component (AddParameter): Name = "Supplier Part Number 4"; Value = "RHM1.0KCECT-ND"; VariantName = "[No Variations]"
Add component (AddParameter): Name = "Supplier Part Number 5"; Value = "P1.0KJCT-ND"; VariantName = "[No Variations]"
Add component (AddParameter): Name = "Tolerance"; Value = "±5%"; VariantName = "[No Variations]"
Add component (AddParameter): Name = "Value"; Value = "1k5"; VariantName = "[No Variations]"
Added Component: Designator=R4(RES-SMD-0402)
Added Component: Designator=R5(RES-SMD-0402)
Added Component: Designator=R6(RES-SMD-0402)
Added Component: Designator=R7(RES-SMD-0402)
Added Component: Designator=R8(RES-SMD-0402)
Added Component: Designator=R9(RES-SMD-0402)
Added Component: Designator=R10(RES-SMD-0402)
Added Component: Designator=R11(RES-SMD-0402)
Added Component: Designator=R12(RES-SMD-0402)
Add component (AddParameter): Name = "ComponentLink1Description"; Value = "http://www.yageo.com/documents/recent/PYu-RC0402_51_RoHS_L_6.pdf"; VariantName = "[No Variations]"
Add component (AddParameter): Name = "ComponentLink1URL"; Value = "http://www.yageo.com/documents/recent/PYu-RC0402_51_RoHS_L_6.pdf"; VariantName = "[No Variations]"
Add component (AddParameter): Name = "ComponentLink2Description"; Value = "http://www.vishay.com/doc?20035"; VariantName = "[No Variations]"
Add component (AddParameter): Name = "ComponentLink2URL"; Value = "http://www.vishay.com/doc?20035"; VariantName = "[No Variations]"
Add component (AddParameter): Name = "ComponentLink3Description"; Value = "http://www.samsungsem.com/servlet/FileDownload?filename=productcatalog/pdf/Chip_Resistor.pdf"; VariantName = "[No Variations]"
Add component (AddParameter): Name = "ComponentLink3URL"; Value = "http://www.samsungsem.com/servlet/FileDownload?filename=productcatalog/pdf/Chip_Resistor.pdf"; VariantName = "[No Variations]"
Add component (AddParameter): Name = "ComponentLink4Description"; Value = "http://rohmfs.rohm.com/en/products/databook/datasheet/passive/resistor/chip_resistor/mcr_g.pdf"; VariantName = "[No Variations]"
Add component (AddParameter): Name = "ComponentLink4URL"; Value = "http://rohmfs.rohm.com/en/products/databook/datasheet/passive/resistor/chip_resistor/mcr_g.pdf"; VariantName = "[No Variations]"
Add component (AddParameter): Name = "ComponentLink5Description"; Value = "http://industrial.panasonic.com/www-cgi/jvcr13pz.cgi?E+PZ+3+AOA0001+ERJ2GEJ102X+7+WW"; VariantName = "[No Variations]"
Add component (AddParameter): Name = "ComponentLink5URL"; Value = "http://industrial.panasonic.com/www-cgi/jvcr13pz.cgi?E+PZ+3+AOA0001+ERJ2GEJ102X+7+WW"; VariantName = "[No Variations]"
Add component (AddParameter): Name = "Manufacturer 1"; Value = "Yageo"; VariantName = "[No Variations]"
Add component (AddParameter): Name = "Manufacturer 2"; Value = "Vishay Dale"; VariantName = "[No Variations]"
Add component (AddParameter): Name = "Manufacturer 3"; Value = "Samsung Electro-Mechanics America, Inc"; VariantName = "[No Variations]"
Add component (AddParameter): Name = "Manufacturer 4"; Value = "Rohm Semiconductor"; VariantName = "[No Variations]"
Add component (AddParameter): Name = "Manufacturer 5"; Value = "Panasonic Electronic Components"; VariantName = "[No Variations]"
Add component (AddParameter): Name = "Manufacturer Part Number 1"; Value = "RC0402JR-071KL"; VariantName = "[No Variations]"
Add component (AddParameter): Name = "Manufacturer Part Number 2"; Value = "CRCW04021K00JNED"; VariantName = "[No Variations]"
Add component (AddParameter): Name = "Manufacturer Part Number 3"; Value = "RC1005J102CS"; VariantName = "[No Variations]"
Add component (AddParameter): Name = "Manufacturer Part Number 4"; Value = "MCR01MRTJ102"; VariantName = "[No Variations]"
Add component (AddParameter): Name = "Manufacturer Part Number 5"; Value = "ERJ-2GEJ102X"; VariantName = "[No Variations]"
Add component (AddParameter): Name = "Package / Case"; Value = "0402 (1005 Metric)"; VariantName = "[No Variations]"
Add component (AddParameter): Name = "Ratings"; Value = "1/16 W"; VariantName = "[No Variations]"
Add component (AddParameter): Name = "RoHS 1"; Value = "RoHS Compliant"; VariantName = "[No Variations]"
Add component (AddParameter): Name = "RoHS 2"; Value = "RoHS Compliant"; VariantName = "[No Variations]"
Add component (AddParameter): Name = "RoHS 3"; Value = "RoHS Compliant"; VariantName = "[No Variations]"
Add component (AddParameter): Name = "RoHS 4"; Value = "RoHS Compliant"; VariantName = "[No Variations]"
Add component (AddParameter): Name = "RoHS 5"; Value = "RoHS Compliant"; VariantName = "[No Variations]"
Add component (AddParameter): Name = "SCDType"; Value = "spec"; VariantName = "[No Variations]"
Add component (AddParameter): Name = "Supplier 1"; Value = "Digi-Key"; VariantName = "[No Variations]"
Add component (AddParameter): Name = "Supplier 2"; Value = "Digi-Key"; VariantName = "[No Variations]"
Add component (AddParameter): Name = "Supplier 3"; Value = "Digi-Key"; VariantName = "[No Variations]"
Add component (AddParameter): Name = "Supplier 4"; Value = "Digi-Key"; VariantName = "[No Variations]"
Add component (AddParameter): Name = "Supplier 5"; Value = "Digi-Key"; VariantName = "[No Variations]"
Add component (AddParameter): Name = "Supplier Part Number 1"; Value = "311-1.0KJRCT-ND"; VariantName = "[No Variations]"
Add component (AddParameter): Name = "Supplier Part Number 2"; Value = "541-1.0KJCT-ND"; VariantName = "[No Variations]"
Add component (AddParameter): Name = "Supplier Part Number 3"; Value = "1276-4376-1-ND"; VariantName = "[No Variations]"
Add component (AddParameter): Name = "Supplier Part Number 4"; Value = "RHM1.0KCECT-ND"; VariantName = "[No Variations]"
Add component (AddParameter): Name = "Supplier Part Number 5"; Value = "P1.0KJCT-ND"; VariantName = "[No Variations]"
Add component (AddParameter): Name = "Tolerance"; Value = "±5%"; VariantName = "[No Variations]"
Add component (AddParameter): Name = "Value"; Value = "10K"; VariantName = "[No Variations]"
Added Component: Designator=R13(RES-SMD-0402)
Added Component: Designator=R14(RES-SMD-0402)
Added Component: Designator=R15(RES-SMD-0402)
Added Component: Designator=R16(RES-SMD-0402)
Added Component: Designator=R17(RES-SMD-0402)
Added Component: Designator=R18(RES-SMD-0402)
Added Component: Designator=R19(RES-SMD-0402)
Add component (AddParameter): Name = "DTEMP"; Value = ""; VariantName = "[No Variations]"
Add component (AddParameter): Name = "SimulationGenericComponent"; Value = "True"; VariantName = "[No Variations]"
Add component (AddParameter): Name = "T_REL_LOCAL"; Value = ""; VariantName = "[No Variations]"
Add component (AddParameter): Name = "TC"; Value = ""; VariantName = "[No Variations]"
Add component (AddParameter): Name = "TC1"; Value = "0"; VariantName = "[No Variations]"
Add component (AddParameter): Name = "TC2"; Value = "0"; VariantName = "[No Variations]"
Add component (AddParameter): Name = "TEMP"; Value = ""; VariantName = "[No Variations]"
Add component (AddParameter): Name = "Value"; Value = "10K"; VariantName = "[No Variations]"
Added Component: Designator=R20(RES-SMD-0402)
Add component (AddParameter): Name = "DTEMP"; Value = ""; VariantName = "[No Variations]"
Add component (AddParameter): Name = "SimulationGenericComponent"; Value = "True"; VariantName = "[No Variations]"
Add component (AddParameter): Name = "T_REL_LOCAL"; Value = ""; VariantName = "[No Variations]"
Add component (AddParameter): Name = "TC"; Value = ""; VariantName = "[No Variations]"
Add component (AddParameter): Name = "TC1"; Value = "0"; VariantName = "[No Variations]"
Add component (AddParameter): Name = "TC2"; Value = "0"; VariantName = "[No Variations]"
Add component (AddParameter): Name = "TEMP"; Value = ""; VariantName = "[No Variations]"
Add component (AddParameter): Name = "Value"; Value = "10K"; VariantName = "[No Variations]"
Added Component: Designator=R21(RES-SMD-0402)
Add component (AddParameter): Name = "DTEMP"; Value = ""; VariantName = "[No Variations]"
Add component (AddParameter): Name = "SimulationGenericComponent"; Value = "True"; VariantName = "[No Variations]"
Add component (AddParameter): Name = "T_REL_LOCAL"; Value = ""; VariantName = "[No Variations]"
Add component (AddParameter): Name = "TC"; Value = ""; VariantName = "[No Variations]"
Add component (AddParameter): Name = "TC1"; Value = "0"; VariantName = "[No Variations]"
Add component (AddParameter): Name = "TC2"; Value = "0"; VariantName = "[No Variations]"
Add component (AddParameter): Name = "TEMP"; Value = ""; VariantName = "[No Variations]"
Add component (AddParameter): Name = "Value"; Value = "10K"; VariantName = "[No Variations]"
Added Component: Designator=R22(RES-SMD-0402)
Add component (AddParameter): Name = "DTEMP"; Value = ""; VariantName = "[No Variations]"
Add component (AddParameter): Name = "SimulationGenericComponent"; Value = "True"; VariantName = "[No Variations]"
Add component (AddParameter): Name = "T_REL_LOCAL"; Value = ""; VariantName = "[No Variations]"
Add component (AddParameter): Name = "TC"; Value = ""; VariantName = "[No Variations]"
Add component (AddParameter): Name = "TC1"; Value = "0"; VariantName = "[No Variations]"
Add component (AddParameter): Name = "TC2"; Value = "0"; VariantName = "[No Variations]"
Add component (AddParameter): Name = "TEMP"; Value = ""; VariantName = "[No Variations]"
Add component (AddParameter): Name = "Value"; Value = "10K"; VariantName = "[No Variations]"
Added Component: Designator=RED1(LED-RED-0805)
Add component (AddParameter): Name = "AF"; Value = "1"; VariantName = "[No Variations]"
Add component (AddParameter): Name = "Area Factor"; Value = ""; VariantName = "[No Variations]"
Add component (AddParameter): Name = "BV"; Value = "0"; VariantName = "[No Variations]"
Add component (AddParameter): Name = "BV_MAX"; Value = "1e99"; VariantName = "[No Variations]"
Add component (AddParameter): Name = "CJO"; Value = "0"; VariantName = "[No Variations]"
Add component (AddParameter): Name = "CJP"; Value = "0"; VariantName = "[No Variations]"
Add component (AddParameter): Name = "CTA"; Value = "0"; VariantName = "[No Variations]"
Add component (AddParameter): Name = "CTP"; Value = "0"; VariantName = "[No Variations]"
Add component (AddParameter): Name = "DTEMP"; Value = ""; VariantName = "[No Variations]"
Add component (AddParameter): Name = "EG"; Value = "1.11"; VariantName = "[No Variations]"
Add component (AddParameter): Name = "FC"; Value = "0.5"; VariantName = "[No Variations]"
Add component (AddParameter): Name = "FCS"; Value = "0.5"; VariantName = "[No Variations]"
Add component (AddParameter): Name = "FV_MAX"; Value = "1e99"; VariantName = "[No Variations]"
Add component (AddParameter): Name = "IBV"; Value = "0.001"; VariantName = "[No Variations]"
Add component (AddParameter): Name = "IKF"; Value = "0"; VariantName = "[No Variations]"
Add component (AddParameter): Name = "IKR"; Value = "0"; VariantName = "[No Variations]"
Add component (AddParameter): Name = "Initial Voltage"; Value = ""; VariantName = "[No Variations]"
Add component (AddParameter): Name = "IS"; Value = "1e-14"; VariantName = "[No Variations]"
Add component (AddParameter): Name = "ISR"; Value = "1e-14"; VariantName = "[No Variations]"
Add component (AddParameter): Name = "JSW"; Value = "0"; VariantName = "[No Variations]"
Add component (AddParameter): Name = "JTUN"; Value = "0"; VariantName = "[No Variations]"
Add component (AddParameter): Name = "JTUNSW"; Value = "0"; VariantName = "[No Variations]"
Add component (AddParameter): Name = "KEG"; Value = "1"; VariantName = "[No Variations]"
Add component (AddParameter): Name = "KF"; Value = "0"; VariantName = "[No Variations]"
Add component (AddParameter): Name = "L"; Value = ""; VariantName = "[No Variations]"
Add component (AddParameter): Name = "LEVEL"; Value = "1"; VariantName = "[No Variations]"
Add component (AddParameter): Name = "M"; Value = ""; VariantName = "[No Variations]"
Add component (AddParameter): Name = "MJSW"; Value = "0.33"; VariantName = "[No Variations]"
Add component (AddParameter): Name = "N"; Value = "1"; VariantName = "[No Variations]"
Add component (AddParameter): Name = "NBV"; Value = "1"; VariantName = "[No Variations]"
Add component (AddParameter): Name = "NR"; Value = "1"; VariantName = "[No Variations]"
Add component (AddParameter): Name = "NS"; Value = "1"; VariantName = "[No Variations]"
Add component (AddParameter): Name = "NTUN"; Value = "30"; VariantName = "[No Variations]"
Add component (AddParameter): Name = "PHP"; Value = "1"; VariantName = "[No Variations]"
Add component (AddParameter): Name = "PJ"; Value = ""; VariantName = "[No Variations]"
Add component (AddParameter): Name = "RS"; Value = "0"; VariantName = "[No Variations]"
Add component (AddParameter): Name = "SENS_AREA"; Value = ""; VariantName = "[No Variations]"
Add component (AddParameter): Name = "SimulationGenericComponent"; Value = "True"; VariantName = "[No Variations]"
Add component (AddParameter): Name = "Starting Condition"; Value = ""; VariantName = "[No Variations]"
Add component (AddParameter): Name = "T_REL_LOCAL"; Value = ""; VariantName = "[No Variations]"
Add component (AddParameter): Name = "TCV"; Value = "0"; VariantName = "[No Variations]"
Add component (AddParameter): Name = "Temperature"; Value = ""; VariantName = "[No Variations]"
Add component (AddParameter): Name = "TLEV"; Value = "0"; VariantName = "[No Variations]"
Add component (AddParameter): Name = "TLEVC"; Value = "0"; VariantName = "[No Variations]"
Add component (AddParameter): Name = "TM1"; Value = "0"; VariantName = "[No Variations]"
Add component (AddParameter): Name = "TM2"; Value = "0"; VariantName = "[No Variations]"
Add component (AddParameter): Name = "TNOM"; Value = "27"; VariantName = "[No Variations]"
Add component (AddParameter): Name = "TPB"; Value = "0"; VariantName = "[No Variations]"
Add component (AddParameter): Name = "TPHP"; Value = "0"; VariantName = "[No Variations]"
Add component (AddParameter): Name = "TRS"; Value = "0"; VariantName = "[No Variations]"
Add component (AddParameter): Name = "TRS2"; Value = "0"; VariantName = "[No Variations]"
Add component (AddParameter): Name = "TT"; Value = "0"; VariantName = "[No Variations]"
Add component (AddParameter): Name = "TTT1"; Value = "0"; VariantName = "[No Variations]"
Add component (AddParameter): Name = "TTT2"; Value = "0"; VariantName = "[No Variations]"
Add component (AddParameter): Name = "VJ"; Value = "1"; VariantName = "[No Variations]"
Add component (AddParameter): Name = "W"; Value = ""; VariantName = "[No Variations]"
Add component (AddParameter): Name = "XTI"; Value = "3"; VariantName = "[No Variations]"
Add component (AddParameter): Name = "XTITUN"; Value = "3"; VariantName = "[No Variations]"
Added Component: Designator=S1(SW4_SMD)
Add component (AddParameter): Name = "closed"; Value = "0"; VariantName = "[No Variations]"
Add component (AddParameter): Name = "Rclosed"; Value = "1m"; VariantName = "[No Variations]"
Add component (AddParameter): Name = "Ropen"; Value = "1Meg"; VariantName = "[No Variations]"
Add component (AddParameter): Name = "SimulationGenericComponent"; Value = "True"; VariantName = "[No Variations]"
Added Component: Designator=S2(SW4_SMD)
Add component (AddParameter): Name = "closed"; Value = "0"; VariantName = "[No Variations]"
Add component (AddParameter): Name = "Rclosed"; Value = "1m"; VariantName = "[No Variations]"
Add component (AddParameter): Name = "Ropen"; Value = "1Meg"; VariantName = "[No Variations]"
Add component (AddParameter): Name = "SimulationGenericComponent"; Value = "True"; VariantName = "[No Variations]"
Added Component: Designator=SW1(SW4_SMD)
Add component (AddParameter): Name = "Circuit"; Value = "SPDT"; VariantName = "[No Variations]"
Add component (AddParameter): Name = "Contact Rating @ Voltage"; Value = "0.25A @ 125VAC"; VariantName = "[No Variations]"
Add component (AddParameter): Name = "Manufacturer 1"; Value = "TE Connectivity"; VariantName = "[No Variations]"
Add component (AddParameter): Name = "Manufacturer Part Number 1"; Value = "SLS121PC04"; VariantName = "[No Variations]"
Add component (AddParameter): Name = "Mounting Type"; Value = "PCB mount"; VariantName = "[No Variations]"
Add component (AddParameter): Name = "SCDType"; Value = "spec"; VariantName = "[No Variations]"
Add component (AddParameter): Name = "Supplier 1"; Value = "Digi-Key"; VariantName = "[No Variations]"
Add component (AddParameter): Name = "Supplier Part Number 1"; Value = "450-1598-ND"; VariantName = "[No Variations]"
Add component (AddParameter): Name = "Switch Function"; Value = "On-On"; VariantName = "[No Variations]"
Added Component: Designator=U1(STM-LQFP48_M)
Add component (AddParameter): Name = "BRAND"; Value = ""; VariantName = "[No Variations]"
Add component (AddParameter): Name = "PACKAGE"; Value = "LQFP48"; VariantName = "[No Variations]"
Add component (AddParameter): Name = "PART NO"; Value = ""; VariantName = "[No Variations]"
Add component (AddParameter): Name = "STOCK CODE"; Value = ""; VariantName = "[No Variations]"
Add component (AddParameter): Name = "SUPPLIER"; Value = ""; VariantName = "[No Variations]"
Add component (AddParameter): Name = "TYPE"; Value = ""; VariantName = "[No Variations]"
Added Component: Designator=U2(AMS1117_3v3)
Add component (AddParameter): Name = "Av_feedback"; Value = "1665"; VariantName = "[No Variations]"
Add component (AddParameter): Name = "R1_Value"; Value = "1020"; VariantName = "[No Variations]"
Add component (AddParameter): Name = "SimulationGenericComponent"; Value = "True"; VariantName = "[No Variations]"
Added Pin To Net: NetName=+3.3V Pin=BZZ1-1
Added Pin To Net: NetName=+3.3V Pin=C1-1
Added Pin To Net: NetName=+3.3V Pin=C2-1
Added Pin To Net: NetName=+3.3V Pin=C3-1
Added Pin To Net: NetName=+3.3V Pin=C4-1
Added Pin To Net: NetName=+3.3V Pin=C5-1
Added Pin To Net: NetName=VBUS Pin=C6-1
Added Pin To Net: NetName=GND Pin=C6-2
Added Pin To Net: NetName=+3.3V Pin=C7-1
Added Pin To Net: NetName=GND Pin=C7-2
Added Pin To Net: NetName=+3.3V Pin=C8-1
Added Pin To Net: NetName=GND Pin=C8-2
Added Pin To Net: NetName=+3.3Va Pin=C9-1
Added Pin To Net: NetName=GND Pin=C9-2
Added Pin To Net: NetName=+3.3Va Pin=C10-1
Added Pin To Net: NetName=GND Pin=C10-2
Added Pin To Net: NetName=+3.3V Pin=C11-1
Added Pin To Net: NetName=GND Pin=C11-4
Added Pin To Net: NetName=+3.3Va Pin=FB1-1
Added Pin To Net: NetName=+3.3V Pin=FB1-2
Added Pin To Net: NetName=+5 Pin=I1-19
Added Pin To Net: NetName=GND Pin=I1-20
Added Pin To Net: NetName=VBUS Pin=J1-1
Added Pin To Net: NetName=USB_D_P Pin=J1-3
Added Pin To Net: NetName=GND Pin=J1-5
Added Pin To Net: NetName=GND Pin=M1-3
Added Pin To Net: NetName=GND Pin=M2-3
Added Pin To Net: NetName=GND Pin=Q1-1
Added Pin To Net: NetName=GND Pin=R2-1
Added Pin To Net: NetName=+3.3V Pin=R3-1
Added Pin To Net: NetName=USB_D_P Pin=R3-2
Added Pin To Net: NetName=SW_BOOT0 Pin=R12-2
Added Pin To Net: NetName=GND Pin=R21-1
Added Pin To Net: NetName=BUTT_1 Pin=R21-2
Added Pin To Net: NetName=GND Pin=R22-1
Added Pin To Net: NetName=BUTT_2 Pin=R22-2
Added Pin To Net: NetName=+3.3V Pin=RED1-1
Added Pin To Net: NetName=BUTT_1 Pin=S1-1
Added Pin To Net: NetName=+5 Pin=S1-2
Added Pin To Net: NetName=BUTT_2 Pin=S2-1
Added Pin To Net: NetName=+5 Pin=S2-2
Added Pin To Net: NetName=GND Pin=SW1-1
Added Pin To Net: NetName=SW_BOOT0 Pin=SW1-2
Added Pin To Net: NetName=+3.3V Pin=SW1-3
Added Pin To Net: NetName=+3.3V Pin=U1-1
Added Pin To Net: NetName=GND Pin=U1-8
Added Pin To Net: NetName=+3.3Va Pin=U1-9
Added Pin To Net: NetName=GND Pin=U1-23
Added Pin To Net: NetName=+3.3V Pin=U1-24
Added Pin To Net: NetName=GND Pin=U1-35
Added Pin To Net: NetName=+3.3V Pin=U1-36
Added Pin To Net: NetName=GND Pin=U1-47
Added Pin To Net: NetName=+3.3V Pin=U1-48
Added Pin To Net: NetName=VBUS Pin=U2-1
Added Pin To Net: NetName=GND Pin=U2-2
Added Pin To Net: NetName=+3.3V Pin=U2-3
Added Pin To Net: NetName=NetBZZ1_2 Pin=BZZ1-2
Added Pin To Net: NetName=NetBZZ1_2 Pin=Q1-3
Added Net: Name=NetBZZ1_2
Added Pin To Net: NetName=NetC1_2 Pin=C1-2
Added Pin To Net: NetName=NetC1_2 Pin=C2-2
Added Pin To Net: NetName=NetC1_2 Pin=C3-2
Added Pin To Net: NetName=NetC1_2 Pin=C4-2
Added Pin To Net: NetName=NetC1_2 Pin=C5-2
Added Net: Name=NetC1_2
Added Pin To Net: NetName=NetC11_2 Pin=C11-2
Added Pin To Net: NetName=NetC11_2 Pin=U1-30
Added Net: Name=NetC11_2
Added Pin To Net: NetName=NetC11_3 Pin=C11-3
Added Pin To Net: NetName=NetC11_3 Pin=U1-31
Added Net: Name=NetC11_3
Added Pin To Net: NetName=NetLED1_1 Pin=LED1-1
Added Pin To Net: NetName=NetLED1_1 Pin=R4-1
Added Net: Name=NetLED1_1
Added Pin To Net: NetName=NetLED1_2 Pin=LED1-2
Added Pin To Net: NetName=NetLED1_2 Pin=LED2-2
Added Pin To Net: NetName=NetLED1_2 Pin=LED3-2
Added Pin To Net: NetName=NetLED1_2 Pin=LED7-2
Added Pin To Net: NetName=NetLED1_2 Pin=LED9-2
Added Pin To Net: NetName=NetLED1_2 Pin=LED10-2
Added Pin To Net: NetName=NetLED1_2 Pin=LED11-2
Added Pin To Net: NetName=NetLED1_2 Pin=M1-1
Added Net: Name=NetLED1_2
Added Pin To Net: NetName=NetLED2_1 Pin=LED2-1
Added Pin To Net: NetName=NetLED2_1 Pin=R5-1
Added Net: Name=NetLED2_1
Added Pin To Net: NetName=NetLED3_1 Pin=LED3-1
Added Pin To Net: NetName=NetLED3_1 Pin=R6-1
Added Net: Name=NetLED3_1
Added Pin To Net: NetName=NetLED4_1 Pin=LED4-1
Added Pin To Net: NetName=NetLED4_1 Pin=R7-1
Added Net: Name=NetLED4_1
Added Pin To Net: NetName=NetLED4_2 Pin=LED4-2
Added Pin To Net: NetName=NetLED4_2 Pin=LED5-2
Added Pin To Net: NetName=NetLED4_2 Pin=LED6-2
Added Pin To Net: NetName=NetLED4_2 Pin=LED8-2
Added Pin To Net: NetName=NetLED4_2 Pin=LED12-2
Added Pin To Net: NetName=NetLED4_2 Pin=LED13-2
Added Pin To Net: NetName=NetLED4_2 Pin=LED14-2
Added Pin To Net: NetName=NetLED4_2 Pin=M2-1
Added Net: Name=NetLED4_2
Added Pin To Net: NetName=NetLED5_1 Pin=LED5-1
Added Pin To Net: NetName=NetLED5_1 Pin=R8-1
Added Net: Name=NetLED5_1
Added Pin To Net: NetName=NetLED6_1 Pin=LED6-1
Added Pin To Net: NetName=NetLED6_1 Pin=R9-1
Added Net: Name=NetLED6_1
Added Pin To Net: NetName=NetLED7_1 Pin=LED7-1
Added Pin To Net: NetName=NetLED7_1 Pin=R10-1
Added Net: Name=NetLED7_1
Added Pin To Net: NetName=NetLED8_1 Pin=LED8-1
Added Pin To Net: NetName=NetLED8_1 Pin=R11-1
Added Net: Name=NetLED8_1
Added Pin To Net: NetName=NetLED9_1 Pin=LED9-1
Added Pin To Net: NetName=NetLED9_1 Pin=R13-2
Added Net: Name=NetLED9_1
Added Pin To Net: NetName=NetLED10_1 Pin=LED10-1
Added Pin To Net: NetName=NetLED10_1 Pin=R14-2
Added Net: Name=NetLED10_1
Added Pin To Net: NetName=NetLED11_1 Pin=LED11-1
Added Pin To Net: NetName=NetLED11_1 Pin=R15-2
Added Net: Name=NetLED11_1
Added Pin To Net: NetName=NetLED12_1 Pin=LED12-1
Added Pin To Net: NetName=NetLED12_1 Pin=R16-2
Added Net: Name=NetLED12_1
Added Pin To Net: NetName=NetLED13_1 Pin=LED13-1
Added Pin To Net: NetName=NetLED13_1 Pin=R17-2
Added Net: Name=NetLED13_1
Added Pin To Net: NetName=NetLED14_1 Pin=LED14-1
Added Pin To Net: NetName=NetLED14_1 Pin=R18-2
Added Net: Name=NetLED14_1
Added Pin To Net: NetName=NetM1_2 Pin=M1-2
Added Pin To Net: NetName=NetM1_2 Pin=R19-1
Added Net: Name=NetM1_2
Added Pin To Net: NetName=NetM2_2 Pin=M2-2
Added Pin To Net: NetName=NetM2_2 Pin=R20-1
Added Net: Name=NetM2_2
Added Pin To Net: NetName=NetQ1_2 Pin=Q1-2
Added Pin To Net: NetName=NetQ1_2 Pin=R1-1
Added Net: Name=NetQ1_2
Added Pin To Net: NetName=NetR2_2 Pin=R2-2
Added Pin To Net: NetName=NetR2_2 Pin=RED1-2
Added Net: Name=NetR2_2
Added Pin To Net: NetName=NetR12_1 Pin=R12-1
Added Pin To Net: NetName=NetR12_1 Pin=U1-44
Added Net: Name=NetR12_1
Added Member To Class: ClassName=SYSTEM Member=Component BZZ1 Buzzer
Added Member To Class: ClassName=SYSTEM Member=Component C1 Capacitor
Added Member To Class: ClassName=SYSTEM Member=Component C2 Capacitor
Added Member To Class: ClassName=SYSTEM Member=Component C3 Capacitor
Added Member To Class: ClassName=SYSTEM Member=Component C4 Capacitor
Added Member To Class: ClassName=SYSTEM Member=Component C5 Capacitor
Added Member To Class: ClassName=SYSTEM Member=Component C6 Capacitor
Added Member To Class: ClassName=SYSTEM Member=Component C7 Capacitor
Added Member To Class: ClassName=SYSTEM Member=Component C8 Capacitor
Added Member To Class: ClassName=SYSTEM Member=Component C9 Capacitor
Added Member To Class: ClassName=SYSTEM Member=Component C10 Capacitor
Added Member To Class: ClassName=SYSTEM Member=Component C11 USART
Added Member To Class: ClassName=SYSTEM Member=Component FB1 2K2 @ 100 MHz
Added Member To Class: ClassName=SYSTEM Member=Component I1 I2C-LCD16x2
Added Member To Class: ClassName=SYSTEM Member=Component J1 USB M
Added Member To Class: ClassName=SYSTEM Member=Component LED1 LED
Added Member To Class: ClassName=SYSTEM Member=Component LED2 LED
Added Member To Class: ClassName=SYSTEM Member=Component LED3 LED
Added Member To Class: ClassName=SYSTEM Member=Component LED4 LED
Added Member To Class: ClassName=SYSTEM Member=Component LED5 LED
Added Member To Class: ClassName=SYSTEM Member=Component LED6 LED
Added Member To Class: ClassName=SYSTEM Member=Component LED7 LED
Added Member To Class: ClassName=SYSTEM Member=Component LED8 LED
Added Member To Class: ClassName=SYSTEM Member=Component LED9 LED
Added Member To Class: ClassName=SYSTEM Member=Component LED10 LED
Added Member To Class: ClassName=SYSTEM Member=Component LED11 LED
Added Member To Class: ClassName=SYSTEM Member=Component LED12 LED
Added Member To Class: ClassName=SYSTEM Member=Component LED13 LED
Added Member To Class: ClassName=SYSTEM Member=Component LED14 LED
Added Member To Class: ClassName=SYSTEM Member=Component M1 N-channel MOS1 MOSFET Shichman and Hodges Model
Added Member To Class: ClassName=SYSTEM Member=Component M2 N-channel MOS1 MOSFET Shichman and Hodges Model
Added Member To Class: ClassName=SYSTEM Member=Component Q1 2N2222A
Added Member To Class: ClassName=SYSTEM Member=Component R1 1K
Added Member To Class: ClassName=SYSTEM Member=Component R2 Thick Film
Added Member To Class: ClassName=SYSTEM Member=Component R3 Thick Film
Added Member To Class: ClassName=SYSTEM Member=Component R4 220
Added Member To Class: ClassName=SYSTEM Member=Component R5 220
Added Member To Class: ClassName=SYSTEM Member=Component R6 220
Added Member To Class: ClassName=SYSTEM Member=Component R7 220
Added Member To Class: ClassName=SYSTEM Member=Component R8 220
Added Member To Class: ClassName=SYSTEM Member=Component R9 220
Added Member To Class: ClassName=SYSTEM Member=Component R10 220
Added Member To Class: ClassName=SYSTEM Member=Component R11 220
Added Member To Class: ClassName=SYSTEM Member=Component R12 Thick Film
Added Member To Class: ClassName=SYSTEM Member=Component R13 220
Added Member To Class: ClassName=SYSTEM Member=Component R14 220
Added Member To Class: ClassName=SYSTEM Member=Component R15 220
Added Member To Class: ClassName=SYSTEM Member=Component R16 220
Added Member To Class: ClassName=SYSTEM Member=Component R17 220
Added Member To Class: ClassName=SYSTEM Member=Component R18 220
Added Member To Class: ClassName=SYSTEM Member=Component R19 Resistor
Added Member To Class: ClassName=SYSTEM Member=Component R20 Resistor
Added Member To Class: ClassName=SYSTEM Member=Component R21 Resistor
Added Member To Class: ClassName=SYSTEM Member=Component R22 Resistor
Added Member To Class: ClassName=SYSTEM Member=Component RED1 Light-Emitting Diode
Added Member To Class: ClassName=SYSTEM Member=Component S1 Push Button Normally Opened
Added Member To Class: ClassName=SYSTEM Member=Component S2 Push Button Normally Opened
Added Member To Class: ClassName=SYSTEM Member=Component SW1 ON-ON
Added Member To Class: ClassName=SYSTEM Member=Component U1 STM32F103C8T6TR
Added Member To Class: ClassName=SYSTEM Member=Component U2 Positive Fixed Voltage regulator
