Added Component: Designator=BZZ1(buzzer 5V)
Added Component: Designator=C1(tu 0402)
Add component (AddParameter): Name = "CPAR"; Value = ""; VariantName = "[No Variations]"
Add component (AddParameter): Name = "LSER"; Value = ""; VariantName = "[No Variations]"
Add component (AddParameter): Name = "RLSHUNT"; Value = ""; VariantName = "[No Variations]"
Add component (AddParameter): Name = "RPAR"; Value = ""; VariantName = "[No Variations]"
Add component (AddParameter): Name = "RSER"; Value = ""; VariantName = "[No Variations]"
Add component (AddParameter): Name = "SimulationGenericComponent"; Value = "True"; VariantName = "[No Variations]"
Add component (AddParameter): Name = "TEMP"; Value = ""; VariantName = "[No Variations]"
Add component (AddParameter): Name = "Value"; Value = "10u"; VariantName = "[No Variations]"
Added Component: Designator=C2(tu 0402)
Add component (AddParameter): Name = "CPAR"; Value = ""; VariantName = "[No Variations]"
Add component (AddParameter): Name = "LSER"; Value = ""; VariantName = "[No Variations]"
Add component (AddParameter): Name = "RLSHUNT"; Value = ""; VariantName = "[No Variations]"
Add component (AddParameter): Name = "RPAR"; Value = ""; VariantName = "[No Variations]"
Add component (AddParameter): Name = "RSER"; Value = ""; VariantName = "[No Variations]"
Add component (AddParameter): Name = "SimulationGenericComponent"; Value = "True"; VariantName = "[No Variations]"
Add component (AddParameter): Name = "TEMP"; Value = ""; VariantName = "[No Variations]"
Add component (AddParameter): Name = "Value"; Value = "100n"; VariantName = "[No Variations]"
Added Component: Designator=C3(tu 0402)
Add component (AddParameter): Name = "CPAR"; Value = ""; VariantName = "[No Variations]"
Add component (AddParameter): Name = "LSER"; Value = ""; VariantName = "[No Variations]"
Add component (AddParameter): Name = "RLSHUNT"; Value = ""; VariantName = "[No Variations]"
Add component (AddParameter): Name = "RPAR"; Value = ""; VariantName = "[No Variations]"
Add component (AddParameter): Name = "RSER"; Value = ""; VariantName = "[No Variations]"
Add component (AddParameter): Name = "SimulationGenericComponent"; Value = "True"; VariantName = "[No Variations]"
Add component (AddParameter): Name = "TEMP"; Value = ""; VariantName = "[No Variations]"
Add component (AddParameter): Name = "Value"; Value = "100n"; VariantName = "[No Variations]"
Added Component: Designator=C4(tu 0402)
Add component (AddParameter): Name = "CPAR"; Value = ""; VariantName = "[No Variations]"
Add component (AddParameter): Name = "LSER"; Value = ""; VariantName = "[No Variations]"
Add component (AddParameter): Name = "RLSHUNT"; Value = ""; VariantName = "[No Variations]"
Add component (AddParameter): Name = "RPAR"; Value = ""; VariantName = "[No Variations]"
Add component (AddParameter): Name = "RSER"; Value = ""; VariantName = "[No Variations]"
Add component (AddParameter): Name = "SimulationGenericComponent"; Value = "True"; VariantName = "[No Variations]"
Add component (AddParameter): Name = "TEMP"; Value = ""; VariantName = "[No Variations]"
Add component (AddParameter): Name = "Value"; Value = "100n"; VariantName = "[No Variations]"
Added Component: Designator=C5(tu 0402)
Add component (AddParameter): Name = "CPAR"; Value = ""; VariantName = "[No Variations]"
Add component (AddParameter): Name = "LSER"; Value = ""; VariantName = "[No Variations]"
Add component (AddParameter): Name = "RLSHUNT"; Value = ""; VariantName = "[No Variations]"
Add component (AddParameter): Name = "RPAR"; Value = ""; VariantName = "[No Variations]"
Add component (AddParameter): Name = "RSER"; Value = ""; VariantName = "[No Variations]"
Add component (AddParameter): Name = "SimulationGenericComponent"; Value = "True"; VariantName = "[No Variations]"
Add component (AddParameter): Name = "TEMP"; Value = ""; VariantName = "[No Variations]"
Add component (AddParameter): Name = "Value"; Value = "100n"; VariantName = "[No Variations]"
Added Component: Designator=C6(CAPC2012X94N)
Add component (AddParameter): Name = "CPAR"; Value = ""; VariantName = "[No Variations]"
Add component (AddParameter): Name = "LSER"; Value = ""; VariantName = "[No Variations]"
Add component (AddParameter): Name = "RLSHUNT"; Value = ""; VariantName = "[No Variations]"
Add component (AddParameter): Name = "RPAR"; Value = ""; VariantName = "[No Variations]"
Add component (AddParameter): Name = "RSER"; Value = ""; VariantName = "[No Variations]"
Add component (AddParameter): Name = "SimulationGenericComponent"; Value = "True"; VariantName = "[No Variations]"
Add component (AddParameter): Name = "TEMP"; Value = ""; VariantName = "[No Variations]"
Add component (AddParameter): Name = "Value"; Value = "22u"; VariantName = "[No Variations]"
Added Component: Designator=C7(CAPC2012X94N)
Add component (AddParameter): Name = "CPAR"; Value = ""; VariantName = "[No Variations]"
Add component (AddParameter): Name = "LSER"; Value = ""; VariantName = "[No Variations]"
Add component (AddParameter): Name = "RLSHUNT"; Value = ""; VariantName = "[No Variations]"
Add component (AddParameter): Name = "RPAR"; Value = ""; VariantName = "[No Variations]"
Add component (AddParameter): Name = "RSER"; Value = ""; VariantName = "[No Variations]"
Add component (AddParameter): Name = "SimulationGenericComponent"; Value = "True"; VariantName = "[No Variations]"
Add component (AddParameter): Name = "TEMP"; Value = ""; VariantName = "[No Variations]"
Add component (AddParameter): Name = "Value"; Value = "22u"; VariantName = "[No Variations]"
Added Component: Designator=C8(HDR4)
Add component (AddParameter): Name = "ComponentLink1 Description"; Value = "Manufacturer"; VariantName = "[No Variations]"
Add component (AddParameter): Name = "ComponentLink1URL"; Value = "http://www.we-online.com"; VariantName = "[No Variations]"
Add component (AddParameter): Name = "ComponentLink2 Description"; Value = "Datasheet"; VariantName = "[No Variations]"
Add component (AddParameter): Name = "ComponentLink2URL"; Value = "http://katalog.we-online.de/em/datasheet/6130xx143121.pdf"; VariantName = "[No Variations]"
Add component (AddParameter): Name = "Created by"; Value = "Karrer Zheng"; VariantName = "[No Variations]"
Add component (AddParameter): Name = "Created Date"; Value = "29 March 2013"; VariantName = "[No Variations]"
Add component (AddParameter): Name = "Manufacturer"; Value = "Wｨｹrth Elektronik eiSos GmbH"; VariantName = "[No Variations]"
Add component (AddParameter): Name = "NoPins"; Value = "02"; VariantName = "[No Variations]"
Add component (AddParameter): Name = "partNo"; Value = "613002143121"; VariantName = "[No Variations]"
Added Component: Designator=DS1(LCD_LM016L)
Add component (AddParameter): Name = "Availability"; Value = "Not in stock"; VariantName = "[No Variations]"
Add component (AddParameter): Name = "Check_prices"; Value = "https://www.snapeda.com/parts/LM016L/Hitachi/view-part/?ref=eda"; VariantName = "[No Variations]"
Add component (AddParameter): Name = "MF"; Value = "Hitachi"; VariantName = "[No Variations]"
Add component (AddParameter): Name = "MP"; Value = "LM016L"; VariantName = "[No Variations]"
Add component (AddParameter): Name = "Package"; Value = "None"; VariantName = "[No Variations]"
Add component (AddParameter): Name = "Price"; Value = "None"; VariantName = "[No Variations]"
Add component (AddParameter): Name = "SnapEDA_Link"; Value = "https://www.snapeda.com/parts/LM016L/Hitachi/view-part/?ref=snap"; VariantName = "[No Variations]"
Add component (AddParameter): Name = "Value"; Value = ""; VariantName = "[No Variations]"
Added Component: Designator=J1(USB-Micr-B-FCI-SMD)
Added Component: Designator=LED1(LED-3)
Add component (AddParameter): Name = "Value"; Value = "LED 3 ly Single Colour"; VariantName = "[No Variations]"
Added Component: Designator=LED2(LED-3)
Add component (AddParameter): Name = "Value"; Value = "LED 3 ly Single Colour"; VariantName = "[No Variations]"
Added Component: Designator=LED3(LED-3)
Add component (AddParameter): Name = "Value"; Value = "LED 3 ly Single Colour"; VariantName = "[No Variations]"
Added Component: Designator=LED4(LED-3)
Add component (AddParameter): Name = "Value"; Value = "LED 3 ly Single Colour"; VariantName = "[No Variations]"
Added Component: Designator=LED5(LED-3)
Add component (AddParameter): Name = "Value"; Value = "LED 3 ly Single Colour"; VariantName = "[No Variations]"
Added Component: Designator=LED6(LED-3)
Add component (AddParameter): Name = "Value"; Value = "LED 3 ly Single Colour"; VariantName = "[No Variations]"
Added Component: Designator=LED7(LED-3)
Add component (AddParameter): Name = "Value"; Value = "LED 3 ly Single Colour"; VariantName = "[No Variations]"
Added Component: Designator=LED8(LED-3)
Add component (AddParameter): Name = "Value"; Value = "LED 3 ly Single Colour"; VariantName = "[No Variations]"
Added Component: Designator=LED9(LED-3)
Add component (AddParameter): Name = "Value"; Value = "LED 3 ly Single Colour"; VariantName = "[No Variations]"
Added Component: Designator=LED10(LED-3)
Add component (AddParameter): Name = "Value"; Value = "LED 3 ly Single Colour"; VariantName = "[No Variations]"
Added Component: Designator=LED11(LED-3)
Add component (AddParameter): Name = "Value"; Value = "LED 3 ly Single Colour"; VariantName = "[No Variations]"
Added Component: Designator=LED12(LED-3)
Add component (AddParameter): Name = "Value"; Value = "LED 3 ly Single Colour"; VariantName = "[No Variations]"
Added Component: Designator=LED13(LED-3)
Add component (AddParameter): Name = "Value"; Value = "LED 3 ly Single Colour"; VariantName = "[No Variations]"
Added Component: Designator=LED14(LED-3)
Add component (AddParameter): Name = "Value"; Value = "LED 3 ly Single Colour"; VariantName = "[No Variations]"
Added Component: Designator=M1(TO254P1054X469X1930-3)
Add component (AddParameter): Name = "AF"; Value = ""; VariantName = "[No Variations]"
Add component (AddParameter): Name = "CBD"; Value = "0"; VariantName = "[No Variations]"
Add component (AddParameter): Name = "CBS"; Value = "0"; VariantName = "[No Variations]"
Add component (AddParameter): Name = "CGBO"; Value = "0"; VariantName = "[No Variations]"
Add component (AddParameter): Name = "CGDO"; Value = "0"; VariantName = "[No Variations]"
Add component (AddParameter): Name = "CGSO"; Value = "0"; VariantName = "[No Variations]"
Add component (AddParameter): Name = "CJ"; Value = "0"; VariantName = "[No Variations]"
Add component (AddParameter): Name = "CJSW"; Value = "0"; VariantName = "[No Variations]"
Add component (AddParameter): Name = "Drain Area"; Value = ""; VariantName = "[No Variations]"
Add component (AddParameter): Name = "Drain Perimeter"; Value = ""; VariantName = "[No Variations]"
Add component (AddParameter): Name = "DTEMP"; Value = ""; VariantName = "[No Variations]"
Add component (AddParameter): Name = "FC"; Value = "0.5"; VariantName = "[No Variations]"
Add component (AddParameter): Name = "GAMMA"; Value = "0"; VariantName = "[No Variations]"
Add component (AddParameter): Name = "Initial B-S Voltage"; Value = ""; VariantName = "[No Variations]"
Add component (AddParameter): Name = "Initial D-S Voltage"; Value = ""; VariantName = "[No Variations]"
Add component (AddParameter): Name = "Initial G-S Voltage"; Value = ""; VariantName = "[No Variations]"
Add component (AddParameter): Name = "IS"; Value = "1e-14"; VariantName = "[No Variations]"
Add component (AddParameter): Name = "JS"; Value = "0"; VariantName = "[No Variations]"
Add component (AddParameter): Name = "KF"; Value = ""; VariantName = "[No Variations]"
Add component (AddParameter): Name = "KP"; Value = "2e-05"; VariantName = "[No Variations]"
Add component (AddParameter): Name = "LAMBDA"; Value = "0"; VariantName = "[No Variations]"
Add component (AddParameter): Name = "LD"; Value = "0"; VariantName = "[No Variations]"
Add component (AddParameter): Name = "Length"; Value = ""; VariantName = "[No Variations]"
Add component (AddParameter): Name = "M"; Value = ""; VariantName = "[No Variations]"
Add component (AddParameter): Name = "MJ"; Value = "0.5"; VariantName = "[No Variations]"
Add component (AddParameter): Name = "MJSW"; Value = "0.5"; VariantName = "[No Variations]"
Add component (AddParameter): Name = "NRD"; Value = ""; VariantName = "[No Variations]"
Add component (AddParameter): Name = "NRS"; Value = ""; VariantName = "[No Variations]"
Add component (AddParameter): Name = "NSS"; Value = "0"; VariantName = "[No Variations]"
Add component (AddParameter): Name = "NSUB"; Value = "0"; VariantName = "[No Variations]"
Add component (AddParameter): Name = "PB"; Value = "0.8"; VariantName = "[No Variations]"
Add component (AddParameter): Name = "PHI"; Value = "0.6"; VariantName = "[No Variations]"
Add component (AddParameter): Name = "RD"; Value = "0"; VariantName = "[No Variations]"
Add component (AddParameter): Name = "RS"; Value = "0"; VariantName = "[No Variations]"
Add component (AddParameter): Name = "RSH"; Value = "0"; VariantName = "[No Variations]"
Add component (AddParameter): Name = "SENS_L"; Value = ""; VariantName = "[No Variations]"
Add component (AddParameter): Name = "SENS_W"; Value = ""; VariantName = "[No Variations]"
Add component (AddParameter): Name = "SimulationGenericComponent"; Value = "True"; VariantName = "[No Variations]"
Add component (AddParameter): Name = "Source Area"; Value = ""; VariantName = "[No Variations]"
Add component (AddParameter): Name = "Source Perimeter"; Value = ""; VariantName = "[No Variations]"
Add component (AddParameter): Name = "Starting Condition"; Value = ""; VariantName = "[No Variations]"
Add component (AddParameter): Name = "Temperature"; Value = ""; VariantName = "[No Variations]"
Add component (AddParameter): Name = "TNOM"; Value = "27"; VariantName = "[No Variations]"
Add component (AddParameter): Name = "TOX"; Value = "0"; VariantName = "[No Variations]"
Add component (AddParameter): Name = "TPG"; Value = "0"; VariantName = "[No Variations]"
Add component (AddParameter): Name = "U0"; Value = "0"; VariantName = "[No Variations]"
Add component (AddParameter): Name = "VTO"; Value = "0"; VariantName = "[No Variations]"
Add component (AddParameter): Name = "Width"; Value = ""; VariantName = "[No Variations]"
Added Component: Designator=Q1(TO127P584H533-3)
Add component (AddParameter): Name = "Check_prices"; Value = "https://www.snapeda.com/parts/2N2222A/Microsemi/view-part/?ref=eda"; VariantName = "[No Variations]"
Add component (AddParameter): Name = "MF"; Value = "Microsemi Corporation"; VariantName = "[No Variations]"
Add component (AddParameter): Name = "MP"; Value = "2N2222A"; VariantName = "[No Variations]"
Add component (AddParameter): Name = "Package"; Value = "None"; VariantName = "[No Variations]"
Add component (AddParameter): Name = "SnapEDA_Link"; Value = "https://www.snapeda.com/parts/2N2222A/Microsemi/view-part/?ref=snap"; VariantName = "[No Variations]"
Add component (AddParameter): Name = "Value"; Value = ""; VariantName = "[No Variations]"
Added Component: Designator=R1(RES-SMD-0402)
Added Component: Designator=R2(RES-SMD-0402)
Add component (AddParameter): Name = "ComponentLink1Description"; Value = "http://www.yageo.com/documents/recent/PYu-RC0402_51_RoHS_L_6.pdf"; VariantName = "[No Variations]"
Add component (AddParameter): Name = "ComponentLink1URL"; Value = "http://www.yageo.com/documents/recent/PYu-RC0402_51_RoHS_L_6.pdf"; VariantName = "[No Variations]"
Add component (AddParameter): Name = "ComponentLink2Description"; Value = "http://www.vishay.com/doc?20035"; VariantName = "[No Variations]"
Add component (AddParameter): Name = "ComponentLink2URL"; Value = "http://www.vishay.com/doc?20035"; VariantName = "[No Variations]"
Add component (AddParameter): Name = "ComponentLink3Description"; Value = "http://www.samsungsem.com/servlet/FileDownload?filename=productcatalog/pdf/Chip_Resistor.pdf"; VariantName = "[No Variations]"
Add component (AddParameter): Name = "ComponentLink3URL"; Value = "http://www.samsungsem.com/servlet/FileDownload?filename=productcatalog/pdf/Chip_Resistor.pdf"; VariantName = "[No Variations]"
Add component (AddParameter): Name = "ComponentLink4Description"; Value = "http://rohmfs.rohm.com/en/products/databook/datasheet/passive/resistor/chip_resistor/mcr_g.pdf"; VariantName = "[No Variations]"
Add component (AddParameter): Name = "ComponentLink4URL"; Value = "http://rohmfs.rohm.com/en/products/databook/datasheet/passive/resistor/chip_resistor/mcr_g.pdf"; VariantName = "[No Variations]"
Add component (AddParameter): Name = "ComponentLink5Description"; Value = "http://industrial.panasonic.com/www-cgi/jvcr13pz.cgi?E+PZ+3+AOA0001+ERJ2GEJ102X+7+WW"; VariantName = "[No Variations]"
Add component (AddParameter): Name = "ComponentLink5URL"; Value = "http://industrial.panasonic.com/www-cgi/jvcr13pz.cgi?E+PZ+3+AOA0001+ERJ2GEJ102X+7+WW"; VariantName = "[No Variations]"
Add component (AddParameter): Name = "Manufacturer 1"; Value = "Yageo"; VariantName = "[No Variations]"
Add component (AddParameter): Name = "Manufacturer 2"; Value = "Vishay Dale"; VariantName = "[No Variations]"
Add component (AddParameter): Name = "Manufacturer 3"; Value = "Samsung Electro-Mechanics America, Inc"; VariantName = "[No Variations]"
Add component (AddParameter): Name = "Manufacturer 4"; Value = "Rohm Semiconductor"; VariantName = "[No Variations]"
Add component (AddParameter): Name = "Manufacturer 5"; Value = "Panasonic Electronic Components"; VariantName = "[No Variations]"
Add component (AddParameter): Name = "Manufacturer Part Number 1"; Value = "RC0402JR-071KL"; VariantName = "[No Variations]"
Add component (AddParameter): Name = "Manufacturer Part Number 2"; Value = "CRCW04021K00JNED"; VariantName = "[No Variations]"
Add component (AddParameter): Name = "Manufacturer Part Number 3"; Value = "RC1005J102CS"; VariantName = "[No Variations]"
Add component (AddParameter): Name = "Manufacturer Part Number 4"; Value = "MCR01MRTJ102"; VariantName = "[No Variations]"
Add component (AddParameter): Name = "Manufacturer Part Number 5"; Value = "ERJ-2GEJ102X"; VariantName = "[No Variations]"
Add component (AddParameter): Name = "Package / Case"; Value = "0402 (1005 Metric)"; VariantName = "[No Variations]"
Add component (AddParameter): Name = "Ratings"; Value = "1/16 W"; VariantName = "[No Variations]"
Add component (AddParameter): Name = "RoHS 1"; Value = "RoHS Compliant"; VariantName = "[No Variations]"
Add component (AddParameter): Name = "RoHS 2"; Value = "RoHS Compliant"; VariantName = "[No Variations]"
Add component (AddParameter): Name = "RoHS 3"; Value = "RoHS Compliant"; VariantName = "[No Variations]"
Add component (AddParameter): Name = "RoHS 4"; Value = "RoHS Compliant"; VariantName = "[No Variations]"
Add component (AddParameter): Name = "RoHS 5"; Value = "RoHS Compliant"; VariantName = "[No Variations]"
Add component (AddParameter): Name = "SCDType"; Value = "spec"; VariantName = "[No Variations]"
Add component (AddParameter): Name = "Supplier 1"; Value = "Digi-Key"; VariantName = "[No Variations]"
Add component (AddParameter): Name = "Supplier 2"; Value = "Digi-Key"; VariantName = "[No Variations]"
Add component (AddParameter): Name = "Supplier 3"; Value = "Digi-Key"; VariantName = "[No Variations]"
Add component (AddParameter): Name = "Supplier 4"; Value = "Digi-Key"; VariantName = "[No Variations]"
Add component (AddParameter): Name = "Supplier 5"; Value = "Digi-Key"; VariantName = "[No Variations]"
Add component (AddParameter): Name = "Supplier Part Number 1"; Value = "311-1.0KJRCT-ND"; VariantName = "[No Variations]"
Add component (AddParameter): Name = "Supplier Part Number 2"; Value = "541-1.0KJCT-ND"; VariantName = "[No Variations]"
Add component (AddParameter): Name = "Supplier Part Number 3"; Value = "1276-4376-1-ND"; VariantName = "[No Variations]"
Add component (AddParameter): Name = "Supplier Part Number 4"; Value = "RHM1.0KCECT-ND"; VariantName = "[No Variations]"
Add component (AddParameter): Name = "Supplier Part Number 5"; Value = "P1.0KJCT-ND"; VariantName = "[No Variations]"
Add component (AddParameter): Name = "Tolerance"; Value = "ｱ5%"; VariantName = "[No Variations]"
Add component (AddParameter): Name = "Value"; Value = "1k5"; VariantName = "[No Variations]"
Added Component: Designator=R3(RES-SMD-0402)
Add component (AddParameter): Name = "ComponentLink1Description"; Value = "http://www.yageo.com/documents/recent/PYu-RC0402_51_RoHS_L_6.pdf"; VariantName = "[No Variations]"
Add component (AddParameter): Name = "ComponentLink1URL"; Value = "http://www.yageo.com/documents/recent/PYu-RC0402_51_RoHS_L_6.pdf"; VariantName = "[No Variations]"
Add component (AddParameter): Name = "ComponentLink2Description"; Value = "http://www.vishay.com/doc?20035"; VariantName = "[No Variations]"
Add component (AddParameter): Name = "ComponentLink2URL"; Value = "http://www.vishay.com/doc?20035"; VariantName = "[No Variations]"
Add component (AddParameter): Name = "ComponentLink3Description"; Value = "http://www.samsungsem.com/servlet/FileDownload?filename=productcatalog/pdf/Chip_Resistor.pdf"; VariantName = "[No Variations]"
Add component (AddParameter): Name = "ComponentLink3URL"; Value = "http://www.samsungsem.com/servlet/FileDownload?filename=productcatalog/pdf/Chip_Resistor.pdf"; VariantName = "[No Variations]"
Add component (AddParameter): Name = "ComponentLink4Description"; Value = "http://rohmfs.rohm.com/en/products/databook/datasheet/passive/resistor/chip_resistor/mcr_g.pdf"; VariantName = "[No Variations]"
Add component (AddParameter): Name = "ComponentLink4URL"; Value = "http://rohmfs.rohm.com/en/products/databook/datasheet/passive/resistor/chip_resistor/mcr_g.pdf"; VariantName = "[No Variations]"
Add component (AddParameter): Name = "ComponentLink5Description"; Value = "http://industrial.panasonic.com/www-cgi/jvcr13pz.cgi?E+PZ+3+AOA0001+ERJ2GEJ102X+7+WW"; VariantName = "[No Variations]"
Add component (AddParameter): Name = "ComponentLink5URL"; Value = "http://industrial.panasonic.com/www-cgi/jvcr13pz.cgi?E+PZ+3+AOA0001+ERJ2GEJ102X+7+WW"; VariantName = "[No Variations]"
Add component (AddParameter): Name = "Manufacturer 1"; Value = "Yageo"; VariantName = "[No Variations]"
Add component (AddParameter): Name = "Manufacturer 2"; Value = "Vishay Dale"; VariantName = "[No Variations]"
Add component (AddParameter): Name = "Manufacturer 3"; Value = "Samsung Electro-Mechanics America, Inc"; VariantName = "[No Variations]"
Add component (AddParameter): Name = "Manufacturer 4"; Value = "Rohm Semiconductor"; VariantName = "[No Variations]"
Add component (AddParameter): Name = "Manufacturer 5"; Value = "Panasonic Electronic Components"; VariantName = "[No Variations]"
Add component (AddParameter): Name = "Manufacturer Part Number 1"; Value = "RC0402JR-071KL"; VariantName = "[No Variations]"
Add component (AddParameter): Name = "Manufacturer Part Number 2"; Value = "CRCW04021K00JNED"; VariantName = "[No Variations]"
Add component (AddParameter): Name = "Manufacturer Part Number 3"; Value = "RC1005J102CS"; VariantName = "[No Variations]"
Add component (AddParameter): Name = "Manufacturer Part Number 4"; Value = "MCR01MRTJ102"; VariantName = "[No Variations]"
Add component (AddParameter): Name = "Manufacturer Part Number 5"; Value = "ERJ-2GEJ102X"; VariantName = "[No Variations]"
Add component (AddParameter): Name = "Package / Case"; Value = "0402 (1005 Metric)"; VariantName = "[No Variations]"
Add component (AddParameter): Name = "Ratings"; Value = "1/16 W"; VariantName = "[No Variations]"
Add component (AddParameter): Name = "RoHS 1"; Value = "RoHS Compliant"; VariantName = "[No Variations]"
Add component (AddParameter): Name = "RoHS 2"; Value = "RoHS Compliant"; VariantName = "[No Variations]"
Add component (AddParameter): Name = "RoHS 3"; Value = "RoHS Compliant"; VariantName = "[No Variations]"
Add component (AddParameter): Name = "RoHS 4"; Value = "RoHS Compliant"; VariantName = "[No Variations]"
Add component (AddParameter): Name = "RoHS 5"; Value = "RoHS Compliant"; VariantName = "[No Variations]"
Add component (AddParameter): Name = "SCDType"; Value = "spec"; VariantName = "[No Variations]"
Add component (AddParameter): Name = "Supplier 1"; Value = "Digi-Key"; VariantName = "[No Variations]"
Add component (AddParameter): Name = "Supplier 2"; Value = "Digi-Key"; VariantName = "[No Variations]"
Add component (AddParameter): Name = "Supplier 3"; Value = "Digi-Key"; VariantName = "[No Variations]"
Add component (AddParameter): Name = "Supplier 4"; Value = "Digi-Key"; VariantName = "[No Variations]"
Add component (AddParameter): Name = "Supplier 5"; Value = "Digi-Key"; VariantName = "[No Variations]"
Add component (AddParameter): Name = "Supplier Part Number 1"; Value = "311-1.0KJRCT-ND"; VariantName = "[No Variations]"
Add component (AddParameter): Name = "Supplier Part Number 2"; Value = "541-1.0KJCT-ND"; VariantName = "[No Variations]"
Add component (AddParameter): Name = "Supplier Part Number 3"; Value = "1276-4376-1-ND"; VariantName = "[No Variations]"
Add component (AddParameter): Name = "Supplier Part Number 4"; Value = "RHM1.0KCECT-ND"; VariantName = "[No Variations]"
Add component (AddParameter): Name = "Supplier Part Number 5"; Value = "P1.0KJCT-ND"; VariantName = "[No Variations]"
Add component (AddParameter): Name = "Tolerance"; Value = "ｱ5%"; VariantName = "[No Variations]"
Add component (AddParameter): Name = "Value"; Value = "1k5"; VariantName = "[No Variations]"
Added Component: Designator=R4(RES-SMD-0402)
Added Component: Designator=R5(RES-SMD-0402)
Added Component: Designator=R6(RES-SMD-0402)
Added Component: Designator=R7(RES-SMD-0402)
Added Component: Designator=R8(RES-SMD-0402)
Added Component: Designator=R9(RES-SMD-0402)
Added Component: Designator=R10(RES-SMD-0402)
Added Component: Designator=R11(RES-SMD-0402)
Added Component: Designator=R12(RES-SMD-0402)
Add component (AddParameter): Name = "ComponentLink1Description"; Value = "http://www.yageo.com/documents/recent/PYu-RC0402_51_RoHS_L_6.pdf"; VariantName = "[No Variations]"
Add component (AddParameter): Name = "ComponentLink1URL"; Value = "http://www.yageo.com/documents/recent/PYu-RC0402_51_RoHS_L_6.pdf"; VariantName = "[No Variations]"
Add component (AddParameter): Name = "ComponentLink2Description"; Value = "http://www.vishay.com/doc?20035"; VariantName = "[No Variations]"
Add component (AddParameter): Name = "ComponentLink2URL"; Value = "http://www.vishay.com/doc?20035"; VariantName = "[No Variations]"
Add component (AddParameter): Name = "ComponentLink3Description"; Value = "http://www.samsungsem.com/servlet/FileDownload?filename=productcatalog/pdf/Chip_Resistor.pdf"; VariantName = "[No Variations]"
Add component (AddParameter): Name = "ComponentLink3URL"; Value = "http://www.samsungsem.com/servlet/FileDownload?filename=productcatalog/pdf/Chip_Resistor.pdf"; VariantName = "[No Variations]"
Add component (AddParameter): Name = "ComponentLink4Description"; Value = "http://rohmfs.rohm.com/en/products/databook/datasheet/passive/resistor/chip_resistor/mcr_g.pdf"; VariantName = "[No Variations]"
Add component (AddParameter): Name = "ComponentLink4URL"; Value = "http://rohmfs.rohm.com/en/products/databook/datasheet/passive/resistor/chip_resistor/mcr_g.pdf"; VariantName = "[No Variations]"
Add component (AddParameter): Name = "ComponentLink5Description"; Value = "http://industrial.panasonic.com/www-cgi/jvcr13pz.cgi?E+PZ+3+AOA0001+ERJ2GEJ102X+7+WW"; VariantName = "[No Variations]"
Add component (AddParameter): Name = "ComponentLink5URL"; Value = "http://industrial.panasonic.com/www-cgi/jvcr13pz.cgi?E+PZ+3+AOA0001+ERJ2GEJ102X+7+WW"; VariantName = "[No Variations]"
Add component (AddParameter): Name = "Manufacturer 1"; Value = "Yageo"; VariantName = "[No Variations]"
Add component (AddParameter): Name = "Manufacturer 2"; Value = "Vishay Dale"; VariantName = "[No Variations]"
Add component (AddParameter): Name = "Manufacturer 3"; Value = "Samsung Electro-Mechanics America, Inc"; VariantName = "[No Variations]"
Add component (AddParameter): Name = "Manufacturer 4"; Value = "Rohm Semiconductor"; VariantName = "[No Variations]"
Add component (AddParameter): Name = "Manufacturer 5"; Value = "Panasonic Electronic Components"; VariantName = "[No Variations]"
Add component (AddParameter): Name = "Manufacturer Part Number 1"; Value = "RC0402JR-071KL"; VariantName = "[No Variations]"
Add component (AddParameter): Name = "Manufacturer Part Number 2"; Value = "CRCW04021K00JNED"; VariantName = "[No Variations]"
Add component (AddParameter): Name = "Manufacturer Part Number 3"; Value = "RC1005J102CS"; VariantName = "[No Variations]"
Add component (AddParameter): Name = "Manufacturer Part Number 4"; Value = "MCR01MRTJ102"; VariantName = "[No Variations]"
Add component (AddParameter): Name = "Manufacturer Part Number 5"; Value = "ERJ-2GEJ102X"; VariantName = "[No Variations]"
Add component (AddParameter): Name = "Package / Case"; Value = "0402 (1005 Metric)"; VariantName = "[No Variations]"
Add component (AddParameter): Name = "Ratings"; Value = "1/16 W"; VariantName = "[No Variations]"
Add component (AddParameter): Name = "RoHS 1"; Value = "RoHS Compliant"; VariantName = "[No Variations]"
Add component (AddParameter): Name = "RoHS 2"; Value = "RoHS Compliant"; VariantName = "[No Variations]"
Add component (AddParameter): Name = "RoHS 3"; Value = "RoHS Compliant"; VariantName = "[No Variations]"
Add component (AddParameter): Name = "RoHS 4"; Value = "RoHS Compliant"; VariantName = "[No Variations]"
Add component (AddParameter): Name = "RoHS 5"; Value = "RoHS Compliant"; VariantName = "[No Variations]"
Add component (AddParameter): Name = "SCDType"; Value = "spec"; VariantName = "[No Variations]"
Add component (AddParameter): Name = "Supplier 1"; Value = "Digi-Key"; VariantName = "[No Variations]"
Add component (AddParameter): Name = "Supplier 2"; Value = "Digi-Key"; VariantName = "[No Variations]"
Add component (AddParameter): Name = "Supplier 3"; Value = "Digi-Key"; VariantName = "[No Variations]"
Add component (AddParameter): Name = "Supplier 4"; Value = "Digi-Key"; VariantName = "[No Variations]"
Add component (AddParameter): Name = "Supplier 5"; Value = "Digi-Key"; VariantName = "[No Variations]"
Add component (AddParameter): Name = "Supplier Part Number 1"; Value = "311-1.0KJRCT-ND"; VariantName = "[No Variations]"
Add component (AddParameter): Name = "Supplier Part Number 2"; Value = "541-1.0KJCT-ND"; VariantName = "[No Variations]"
Add component (AddParameter): Name = "Supplier Part Number 3"; Value = "1276-4376-1-ND"; VariantName = "[No Variations]"
Add component (AddParameter): Name = "Supplier Part Number 4"; Value = "RHM1.0KCECT-ND"; VariantName = "[No Variations]"
Add component (AddParameter): Name = "Supplier Part Number 5"; Value = "P1.0KJCT-ND"; VariantName = "[No Variations]"
Add component (AddParameter): Name = "Tolerance"; Value = "ｱ5%"; VariantName = "[No Variations]"
Add component (AddParameter): Name = "Value"; Value = "10K"; VariantName = "[No Variations]"
Added Component: Designator=R13(RES-SMD-0402)
Added Component: Designator=R14(RES-SMD-0402)
Added Component: Designator=R15(RES-SMD-0402)
Added Component: Designator=R16(RES-SMD-0402)
Added Component: Designator=R17(RES-SMD-0402)
Added Component: Designator=R18(RES-SMD-0402)
Added Component: Designator=R19(RES-SMD-0402)
Add component (AddParameter): Name = "DTEMP"; Value = ""; VariantName = "[No Variations]"
Add component (AddParameter): Name = "SimulationGenericComponent"; Value = "True"; VariantName = "[No Variations]"
Add component (AddParameter): Name = "T_REL_LOCAL"; Value = ""; VariantName = "[No Variations]"
Add component (AddParameter): Name = "TC"; Value = ""; VariantName = "[No Variations]"
Add component (AddParameter): Name = "TC1"; Value = "0"; VariantName = "[No Variations]"
Add component (AddParameter): Name = "TC2"; Value = "0"; VariantName = "[No Variations]"
Add component (AddParameter): Name = "TEMP"; Value = ""; VariantName = "[No Variations]"
Add component (AddParameter): Name = "Value"; Value = "10K"; VariantName = "[No Variations]"
Added Component: Designator=R21(RES-SMD-0402)
Add component (AddParameter): Name = "DTEMP"; Value = ""; VariantName = "[No Variations]"
Add component (AddParameter): Name = "SimulationGenericComponent"; Value = "True"; VariantName = "[No Variations]"
Add component (AddParameter): Name = "T_REL_LOCAL"; Value = ""; VariantName = "[No Variations]"
Add component (AddParameter): Name = "TC"; Value = ""; VariantName = "[No Variations]"
Add component (AddParameter): Name = "TC1"; Value = "0"; VariantName = "[No Variations]"
Add component (AddParameter): Name = "TC2"; Value = "0"; VariantName = "[No Variations]"
Add component (AddParameter): Name = "TEMP"; Value = ""; VariantName = "[No Variations]"
Add component (AddParameter): Name = "Value"; Value = "10K"; VariantName = "[No Variations]"
Added Component: Designator=R22(RES-SMD-0402)
Add component (AddParameter): Name = "DTEMP"; Value = ""; VariantName = "[No Variations]"
Add component (AddParameter): Name = "SimulationGenericComponent"; Value = "True"; VariantName = "[No Variations]"
Add component (AddParameter): Name = "T_REL_LOCAL"; Value = ""; VariantName = "[No Variations]"
Add component (AddParameter): Name = "TC"; Value = ""; VariantName = "[No Variations]"
Add component (AddParameter): Name = "TC1"; Value = "0"; VariantName = "[No Variations]"
Add component (AddParameter): Name = "TC2"; Value = "0"; VariantName = "[No Variations]"
Add component (AddParameter): Name = "TEMP"; Value = ""; VariantName = "[No Variations]"
Add component (AddParameter): Name = "Value"; Value = "10K"; VariantName = "[No Variations]"
Added Component: Designator=RED1(LED-RED-0805)
Add component (AddParameter): Name = "AF"; Value = "1"; VariantName = "[No Variations]"
Add component (AddParameter): Name = "Area Factor"; Value = ""; VariantName = "[No Variations]"
Add component (AddParameter): Name = "BV"; Value = "0"; VariantName = "[No Variations]"
Add component (AddParameter): Name = "BV_MAX"; Value = "1e99"; VariantName = "[No Variations]"
Add component (AddParameter): Name = "CJO"; Value = "0"; VariantName = "[No Variations]"
Add component (AddParameter): Name = "CJP"; Value = "0"; VariantName = "[No Variations]"
Add component (AddParameter): Name = "CTA"; Value = "0"; VariantName = "[No Variations]"
Add component (AddParameter): Name = "CTP"; Value = "0"; VariantName = "[No Variations]"
Add component (AddParameter): Name = "DTEMP"; Value = ""; VariantName = "[No Variations]"
Add component (AddParameter): Name = "EG"; Value = "1.11"; VariantName = "[No Variations]"
Add component (AddParameter): Name = "FC"; Value = "0.5"; VariantName = "[No Variations]"
Add component (AddParameter): Name = "FCS"; Value = "0.5"; VariantName = "[No Variations]"
Add component (AddParameter): Name = "FV_MAX"; Value = "1e99"; VariantName = "[No Variations]"
Add component (AddParameter): Name = "IBV"; Value = "0.001"; VariantName = "[No Variations]"
Add component (AddParameter): Name = "IKF"; Value = "0"; VariantName = "[No Variations]"
Add component (AddParameter): Name = "IKR"; Value = "0"; VariantName = "[No Variations]"
Add component (AddParameter): Name = "Initial Voltage"; Value = ""; VariantName = "[No Variations]"
Add component (AddParameter): Name = "IS"; Value = "1e-14"; VariantName = "[No Variations]"
Add component (AddParameter): Name = "ISR"; Value = "1e-14"; VariantName = "[No Variations]"
Add component (AddParameter): Name = "JSW"; Value = "0"; VariantName = "[No Variations]"
Add component (AddParameter): Name = "JTUN"; Value = "0"; VariantName = "[No Variations]"
Add component (AddParameter): Name = "JTUNSW"; Value = "0"; VariantName = "[No Variations]"
Add component (AddParameter): Name = "KEG"; Value = "1"; VariantName = "[No Variations]"
Add component (AddParameter): Name = "KF"; Value = "0"; VariantName = "[No Variations]"
Add component (AddParameter): Name = "L"; Value = ""; VariantName = "[No Variations]"
Add component (AddParameter): Name = "LEVEL"; Value = "1"; VariantName = "[No Variations]"
Add component (AddParameter): Name = "M"; Value = ""; VariantName = "[No Variations]"
Add component (AddParameter): Name = "MJSW"; Value = "0.33"; VariantName = "[No Variations]"
Add component (AddParameter): Name = "N"; Value = "1"; VariantName = "[No Variations]"
Add component (AddParameter): Name = "NBV"; Value = "1"; VariantName = "[No Variations]"
Add component (AddParameter): Name = "NR"; Value = "1"; VariantName = "[No Variations]"
Add component (AddParameter): Name = "NS"; Value = "1"; VariantName = "[No Variations]"
Add component (AddParameter): Name = "NTUN"; Value = "30"; VariantName = "[No Variations]"
Add component (AddParameter): Name = "PHP"; Value = "1"; VariantName = "[No Variations]"
Add component (AddParameter): Name = "PJ"; Value = ""; VariantName = "[No Variations]"
Add component (AddParameter): Name = "RS"; Value = "0"; VariantName = "[No Variations]"
Add component (AddParameter): Name = "SENS_AREA"; Value = ""; VariantName = "[No Variations]"
Add component (AddParameter): Name = "SimulationGenericComponent"; Value = "True"; VariantName = "[No Variations]"
Add component (AddParameter): Name = "Starting Condition"; Value = ""; VariantName = "[No Variations]"
Add component (AddParameter): Name = "T_REL_LOCAL"; Value = ""; VariantName = "[No Variations]"
Add component (AddParameter): Name = "TCV"; Value = "0"; VariantName = "[No Variations]"
Add component (AddParameter): Name = "Temperature"; Value = ""; VariantName = "[No Variations]"
Add component (AddParameter): Name = "TLEV"; Value = "0"; VariantName = "[No Variations]"
Add component (AddParameter): Name = "TLEVC"; Value = "0"; VariantName = "[No Variations]"
Add component (AddParameter): Name = "TM1"; Value = "0"; VariantName = "[No Variations]"
Add component (AddParameter): Name = "TM2"; Value = "0"; VariantName = "[No Variations]"
Add component (AddParameter): Name = "TNOM"; Value = "27"; VariantName = "[No Variations]"
Add component (AddParameter): Name = "TPB"; Value = "0"; VariantName = "[No Variations]"
Add component (AddParameter): Name = "TPHP"; Value = "0"; VariantName = "[No Variations]"
Add component (AddParameter): Name = "TRS"; Value = "0"; VariantName = "[No Variations]"
Add component (AddParameter): Name = "TRS2"; Value = "0"; VariantName = "[No Variations]"
Add component (AddParameter): Name = "TT"; Value = "0"; VariantName = "[No Variations]"
Add component (AddParameter): Name = "TTT1"; Value = "0"; VariantName = "[No Variations]"
Add component (AddParameter): Name = "TTT2"; Value = "0"; VariantName = "[No Variations]"
Add component (AddParameter): Name = "VJ"; Value = "1"; VariantName = "[No Variations]"
Add component (AddParameter): Name = "W"; Value = ""; VariantName = "[No Variations]"
Add component (AddParameter): Name = "XTI"; Value = "3"; VariantName = "[No Variations]"
Add component (AddParameter): Name = "XTITUN"; Value = "3"; VariantName = "[No Variations]"
Added Component: Designator=S1(SW4_SMD)
Add component (AddParameter): Name = "closed"; Value = "0"; VariantName = "[No Variations]"
Add component (AddParameter): Name = "Rclosed"; Value = "1m"; VariantName = "[No Variations]"
Add component (AddParameter): Name = "Ropen"; Value = "1Meg"; VariantName = "[No Variations]"
Add component (AddParameter): Name = "SimulationGenericComponent"; Value = "True"; VariantName = "[No Variations]"
Added Component: Designator=S2(SW4_SMD)
Add component (AddParameter): Name = "closed"; Value = "0"; VariantName = "[No Variations]"
Add component (AddParameter): Name = "Rclosed"; Value = "1m"; VariantName = "[No Variations]"
Add component (AddParameter): Name = "Ropen"; Value = "1Meg"; VariantName = "[No Variations]"
Add component (AddParameter): Name = "SimulationGenericComponent"; Value = "True"; VariantName = "[No Variations]"
Added Component: Designator=SW1(SW4_SMD)
Add component (AddParameter): Name = "Circuit"; Value = "SPDT"; VariantName = "[No Variations]"
Add component (AddParameter): Name = "Contact Rating @ Voltage"; Value = "0.25A @ 125VAC"; VariantName = "[No Variations]"
Add component (AddParameter): Name = "Manufacturer 1"; Value = "TE Connectivity"; VariantName = "[No Variations]"
Add component (AddParameter): Name = "Manufacturer Part Number 1"; Value = "SLS121PC04"; VariantName = "[No Variations]"
Add component (AddParameter): Name = "Mounting Type"; Value = "PCB mount"; VariantName = "[No Variations]"
Add component (AddParameter): Name = "SCDType"; Value = "spec"; VariantName = "[No Variations]"
Add component (AddParameter): Name = "Supplier 1"; Value = "Digi-Key"; VariantName = "[No Variations]"
Add component (AddParameter): Name = "Supplier Part Number 1"; Value = "450-1598-ND"; VariantName = "[No Variations]"
Add component (AddParameter): Name = "Switch Function"; Value = "On-On"; VariantName = "[No Variations]"
Added Component: Designator=U1(QFP50P1200X1200X160-64N)
Add component (AddParameter): Name = "Check_prices"; Value = "https://www.snapeda.com/parts/STM32F401RET6TR/STMicroelectronics/view-part/?ref=eda"; VariantName = "[No Variations]"
Add component (AddParameter): Name = "MF"; Value = "STMicroelectronics"; VariantName = "[No Variations]"
Add component (AddParameter): Name = "MP"; Value = "STM32F401RET6TR"; VariantName = "[No Variations]"
Add component (AddParameter): Name = "Package"; Value = "LQFP-64 STMicroelectronics"; VariantName = "[No Variations]"
Add component (AddParameter): Name = "SnapEDA_Link"; Value = "https://www.snapeda.com/parts/STM32F401RET6TR/STMicroelectronics/view-part/?ref=snap"; VariantName = "[No Variations]"
Add component (AddParameter): Name = "Value"; Value = ""; VariantName = "[No Variations]"
Added Component: Designator=U2(AMS1117_3v3)
Add component (AddParameter): Name = "Av_feedback"; Value = "1665"; VariantName = "[No Variations]"
Add component (AddParameter): Name = "R1_Value"; Value = "1020"; VariantName = "[No Variations]"
Add component (AddParameter): Name = "SimulationGenericComponent"; Value = "True"; VariantName = "[No Variations]"
Added Pin To Net: NetName=+3.3V Pin=C1-1
Added Pin To Net: NetName=+3.3V Pin=C2-1
Added Pin To Net: NetName=+3.3V Pin=C3-1
Added Pin To Net: NetName=+3.3V Pin=C4-1
Added Pin To Net: NetName=+3.3V Pin=C5-1
Added Pin To Net: NetName=+3.3V Pin=C7-1
Added Pin To Net: NetName=+3.3V Pin=C8-1
Added Pin To Net: NetName=+3.3V Pin=R3-1
Added Pin To Net: NetName=+3.3V Pin=RED1-1
Added Pin To Net: NetName=+3.3V Pin=SW1-3
Added Pin To Net: NetName=+3.3V Pin=U1-1
Added Pin To Net: NetName=+3.3V Pin=U1-13
Added Pin To Net: NetName=+3.3V Pin=U1-19
Added Pin To Net: NetName=+3.3V Pin=U1-32
Added Pin To Net: NetName=+3.3V Pin=U1-48
Added Pin To Net: NetName=+3.3V Pin=U1-64
Added Pin To Net: NetName=+3.3V Pin=U2-3
Added Net: Name=+3.3V
Added Pin To Net: NetName=+5 Pin=S1-2
Added Pin To Net: NetName=+5 Pin=S2-2
Added Net: Name=+5
Added Pin To Net: NetName=+5V Pin=BZZ1-1
Added Pin To Net: NetName=+5V Pin=DS1-2
Added Net: Name=+5V
Added Pin To Net: NetName=BUTT_1 Pin=R21-2
Added Pin To Net: NetName=BUTT_1 Pin=S1-1
Added Pin To Net: NetName=BUTT_1 Pin=U1-14
Added Net: Name=BUTT_1
Added Pin To Net: NetName=BUTT_2 Pin=R22-2
Added Pin To Net: NetName=BUTT_2 Pin=S2-1
Added Pin To Net: NetName=BUTT_2 Pin=U1-15
Added Net: Name=BUTT_2
Added Pin To Net: NetName=BZZ Pin=R1-2
Added Pin To Net: NetName=BZZ Pin=U1-41
Added Net: Name=BZZ
Added Pin To Net: NetName=GND Pin=C6-2
Added Pin To Net: NetName=GND Pin=C7-2
Added Pin To Net: NetName=GND Pin=C8-4
Added Pin To Net: NetName=GND Pin=DS1-1
Added Pin To Net: NetName=GND Pin=DS1-3
Added Pin To Net: NetName=GND Pin=DS1-5
Added Pin To Net: NetName=GND Pin=J1-5
Added Pin To Net: NetName=GND Pin=M1-3
Added Pin To Net: NetName=GND Pin=Q1-1
Added Pin To Net: NetName=GND Pin=R2-1
Added Pin To Net: NetName=GND Pin=R21-1
Added Pin To Net: NetName=GND Pin=R22-1
Added Pin To Net: NetName=GND Pin=SW1-1
Added Pin To Net: NetName=GND Pin=U1-12
Added Pin To Net: NetName=GND Pin=U1-18
Added Pin To Net: NetName=GND Pin=U1-31
Added Pin To Net: NetName=GND Pin=U1-47
Added Pin To Net: NetName=GND Pin=U1-63
Added Pin To Net: NetName=GND Pin=U2-2
Added Net: Name=GND
Added Pin To Net: NetName=LCD_D4 Pin=DS1-11
Added Pin To Net: NetName=LCD_D4 Pin=U1-28
Added Net: Name=LCD_D4
Added Pin To Net: NetName=LCD_D5 Pin=DS1-12
Added Pin To Net: NetName=LCD_D5 Pin=U1-55
Added Net: Name=LCD_D5
Added Pin To Net: NetName=LCD_D6 Pin=DS1-13
Added Pin To Net: NetName=LCD_D6 Pin=U1-56
Added Net: Name=LCD_D6
Added Pin To Net: NetName=LCD_D7 Pin=DS1-14
Added Pin To Net: NetName=LCD_D7 Pin=U1-57
Added Net: Name=LCD_D7
Added Pin To Net: NetName=LCD_E Pin=DS1-6
Added Pin To Net: NetName=LCD_E Pin=U1-27
Added Net: Name=LCD_E
Added Pin To Net: NetName=LCD_RS Pin=DS1-4
Added Pin To Net: NetName=LCD_RS Pin=U1-26
Added Net: Name=LCD_RS
Added Pin To Net: NetName=LED_1 Pin=R13-1
Added Pin To Net: NetName=LED_1 Pin=U1-8
Added Net: Name=LED_1
Added Pin To Net: NetName=LED_2 Pin=R4-2
Added Pin To Net: NetName=LED_2 Pin=U1-9
Added Net: Name=LED_2
Added Pin To Net: NetName=LED_3 Pin=R14-1
Added Pin To Net: NetName=LED_3 Pin=U1-10
Added Net: Name=LED_3
Added Pin To Net: NetName=LED_4 Pin=R10-2
Added Pin To Net: NetName=LED_4 Pin=U1-11
Added Net: Name=LED_4
Added Pin To Net: NetName=LED_5 Pin=R5-2
Added Pin To Net: NetName=LED_5 Pin=U1-24
Added Net: Name=LED_5
Added Pin To Net: NetName=LED_6 Pin=R15-1
Added Pin To Net: NetName=LED_6 Pin=U1-25
Added Net: Name=LED_6
Added Pin To Net: NetName=LED_7 Pin=R6-2
Added Pin To Net: NetName=LED_7 Pin=U1-37
Added Net: Name=LED_7
Added Pin To Net: NetName=LED_8 Pin=R16-1
Added Pin To Net: NetName=LED_8 Pin=U1-38
Added Net: Name=LED_8
Added Pin To Net: NetName=LED_9 Pin=R7-2
Added Pin To Net: NetName=LED_9 Pin=U1-39
Added Net: Name=LED_9
Added Pin To Net: NetName=LED_10 Pin=R17-1
Added Pin To Net: NetName=LED_10 Pin=U1-40
Added Net: Name=LED_10
Added Pin To Net: NetName=LED_11 Pin=R11-2
Added Pin To Net: NetName=LED_11 Pin=U1-51
Added Net: Name=LED_11
Added Pin To Net: NetName=LED_12 Pin=R8-2
Added Pin To Net: NetName=LED_12 Pin=U1-52
Added Net: Name=LED_12
Added Pin To Net: NetName=LED_13 Pin=R18-1
Added Pin To Net: NetName=LED_13 Pin=U1-53
Added Net: Name=LED_13
Added Pin To Net: NetName=LED_14 Pin=R9-2
Added Pin To Net: NetName=LED_14 Pin=U1-2
Added Net: Name=LED_14
Added Pin To Net: NetName=MOS Pin=R19-2
Added Pin To Net: NetName=MOS Pin=U1-58
Added Net: Name=MOS
Added Pin To Net: NetName=NetBZZ1_2 Pin=BZZ1-2
Added Pin To Net: NetName=NetBZZ1_2 Pin=Q1-3
Added Net: Name=NetBZZ1_2
Added Pin To Net: NetName=NetC1_2 Pin=C1-2
Added Pin To Net: NetName=NetC1_2 Pin=C2-2
Added Pin To Net: NetName=NetC1_2 Pin=C3-2
Added Pin To Net: NetName=NetC1_2 Pin=C4-2
Added Pin To Net: NetName=NetC1_2 Pin=C5-2
Added Net: Name=NetC1_2
Added Pin To Net: NetName=NetC8_2 Pin=C8-2
Added Pin To Net: NetName=NetC8_2 Pin=U1-42
Added Net: Name=NetC8_2
Added Pin To Net: NetName=NetC8_3 Pin=C8-3
Added Pin To Net: NetName=NetC8_3 Pin=U1-43
Added Net: Name=NetC8_3
Added Pin To Net: NetName=NetLED1_1 Pin=LED1-1
Added Pin To Net: NetName=NetLED1_1 Pin=R4-1
Added Net: Name=NetLED1_1
Added Pin To Net: NetName=NetLED1_2 Pin=LED1-2
Added Pin To Net: NetName=NetLED1_2 Pin=LED2-2
Added Pin To Net: NetName=NetLED1_2 Pin=LED3-2
Added Pin To Net: NetName=NetLED1_2 Pin=LED4-2
Added Pin To Net: NetName=NetLED1_2 Pin=LED5-2
Added Pin To Net: NetName=NetLED1_2 Pin=LED6-2
Added Pin To Net: NetName=NetLED1_2 Pin=LED7-2
Added Pin To Net: NetName=NetLED1_2 Pin=LED8-2
Added Pin To Net: NetName=NetLED1_2 Pin=LED9-2
Added Pin To Net: NetName=NetLED1_2 Pin=LED10-2
Added Pin To Net: NetName=NetLED1_2 Pin=LED11-2
Added Pin To Net: NetName=NetLED1_2 Pin=LED12-2
Added Pin To Net: NetName=NetLED1_2 Pin=LED13-2
Added Pin To Net: NetName=NetLED1_2 Pin=LED14-2
Added Pin To Net: NetName=NetLED1_2 Pin=M1-1
Added Net: Name=NetLED1_2
Added Pin To Net: NetName=NetLED2_1 Pin=LED2-1
Added Pin To Net: NetName=NetLED2_1 Pin=R5-1
Added Net: Name=NetLED2_1
Added Pin To Net: NetName=NetLED3_1 Pin=LED3-1
Added Pin To Net: NetName=NetLED3_1 Pin=R6-1
Added Net: Name=NetLED3_1
Added Pin To Net: NetName=NetLED4_1 Pin=LED4-1
Added Pin To Net: NetName=NetLED4_1 Pin=R7-1
Added Net: Name=NetLED4_1
Added Pin To Net: NetName=NetLED5_1 Pin=LED5-1
Added Pin To Net: NetName=NetLED5_1 Pin=R8-1
Added Net: Name=NetLED5_1
Added Pin To Net: NetName=NetLED6_1 Pin=LED6-1
Added Pin To Net: NetName=NetLED6_1 Pin=R9-1
Added Net: Name=NetLED6_1
Added Pin To Net: NetName=NetLED7_1 Pin=LED7-1
Added Pin To Net: NetName=NetLED7_1 Pin=R10-1
Added Net: Name=NetLED7_1
Added Pin To Net: NetName=NetLED8_1 Pin=LED8-1
Added Pin To Net: NetName=NetLED8_1 Pin=R11-1
Added Net: Name=NetLED8_1
Added Pin To Net: NetName=NetLED9_1 Pin=LED9-1
Added Pin To Net: NetName=NetLED9_1 Pin=R13-2
Added Net: Name=NetLED9_1
Added Pin To Net: NetName=NetLED10_1 Pin=LED10-1
Added Pin To Net: NetName=NetLED10_1 Pin=R14-2
Added Net: Name=NetLED10_1
Added Pin To Net: NetName=NetLED11_1 Pin=LED11-1
Added Pin To Net: NetName=NetLED11_1 Pin=R15-2
Added Net: Name=NetLED11_1
Added Pin To Net: NetName=NetLED12_1 Pin=LED12-1
Added Pin To Net: NetName=NetLED12_1 Pin=R16-2
Added Net: Name=NetLED12_1
Added Pin To Net: NetName=NetLED13_1 Pin=LED13-1
Added Pin To Net: NetName=NetLED13_1 Pin=R17-2
Added Net: Name=NetLED13_1
Added Pin To Net: NetName=NetLED14_1 Pin=LED14-1
Added Pin To Net: NetName=NetLED14_1 Pin=R18-2
Added Net: Name=NetLED14_1
Added Pin To Net: NetName=NetM1_2 Pin=M1-2
Added Pin To Net: NetName=NetM1_2 Pin=R19-1
Added Net: Name=NetM1_2
Added Pin To Net: NetName=NetQ1_2 Pin=Q1-2
Added Pin To Net: NetName=NetQ1_2 Pin=R1-1
Added Net: Name=NetQ1_2
Added Pin To Net: NetName=NetR2_2 Pin=R2-2
Added Pin To Net: NetName=NetR2_2 Pin=RED1-2
Added Net: Name=NetR2_2
Added Pin To Net: NetName=NetR12_1 Pin=R12-1
Added Pin To Net: NetName=NetR12_1 Pin=U1-60
Added Net: Name=NetR12_1
Added Pin To Net: NetName=SW_BOOT0 Pin=R12-2
Added Pin To Net: NetName=SW_BOOT0 Pin=SW1-2
Added Net: Name=SW_BOOT0
Added Pin To Net: NetName=USB_D_N Pin=J1-2
Added Pin To Net: NetName=USB_D_N Pin=U1-44
Added Net: Name=USB_D_N
Added Pin To Net: NetName=USB_D_P Pin=J1-3
Added Pin To Net: NetName=USB_D_P Pin=R3-2
Added Pin To Net: NetName=USB_D_P Pin=U1-45
Added Net: Name=USB_D_P
Added Pin To Net: NetName=VBUS Pin=C6-1
Added Pin To Net: NetName=VBUS Pin=J1-1
Added Pin To Net: NetName=VBUS Pin=U2-1
Added Net: Name=VBUS
Added Class: Name=SYSTEM
Added Rule: Name=Schematic Supply Nets
Added Rule: Name=Schematic Supply Nets_1
Added Rule: Name=Schematic Supply Nets_2
Added Rule: Name=Schematic Supply Nets_3
Added Rule: Name=Schematic Supply Nets_4
